[31m2024-04-04 10:37:34,833[0;39m [32m[INFO][0;39m layer.dao.DaoApplication restartedMain [32mStarting DaoApplication using Java 1.8.0_202 on SRDB with PID 5204 (D:\Course backups\Java\DLithe2024Feb-Corporate-TietoEvry\DLTE-Java Full Stack Development - Razak Mohamed\DLTE-Spring-Framework\dao\dao\target\classes started by SRDB in D:\Course backups\Java\DLithe2024Feb-Corporate-TietoEvry\DLTE-Java Full Stack Development - Razak Mohamed\DLTE-Spring-Framework\dao\dao)
[0;39m[31m2024-04-04 10:37:34,834[0;39m [32m[INFO][0;39m layer.dao.DaoApplication restartedMain [32mNo active profile set, falling back to 1 default profile: "default"
[0;39m[31m2024-04-04 10:37:34,893[0;39m [32m[INFO][0;39m org.springframework.boot.devtools.restart.ChangeableUrls restartedMain [32mThe Class-Path manifest attribute in C:\Users\ADMIN\.m2\repository\com\oracle\database\security\oraclepki\21.5.0.0\oraclepki-21.5.0.0.jar referenced one or more files that do not exist: file:/C:/Users/ADMIN/.m2/repository/com/oracle/database/security/oraclepki/21.5.0.0/osdt_core.jar,file:/C:/Users/ADMIN/.m2/repository/com/oracle/database/security/oraclepki/21.5.0.0/osdt_cert.jar,file:/C:/Users/ADMIN/.m2/repository/com/oracle/database/security/oraclepki/oracle.osdt/osdt_core.jar,file:/C:/Users/ADMIN/.m2/repository/com/oracle/database/security/oraclepki/oracle.osdt/osdt_cert.jar
[0;39m[31m2024-04-04 10:37:34,894[0;39m [32m[INFO][0;39m org.springframework.boot.devtools.env.DevToolsPropertyDefaultsPostProcessor restartedMain [32mDevtools property defaults active! Set 'spring.devtools.add-properties' to 'false' to disable
[0;39m[31m2024-04-04 10:37:35,589[0;39m [32m[INFO][0;39m org.springframework.data.repository.config.RepositoryConfigurationDelegate restartedMain [32mBootstrapping Spring Data JDBC repositories in DEFAULT mode.
[0;39m[31m2024-04-04 10:37:35,606[0;39m [32m[INFO][0;39m org.springframework.data.repository.config.RepositoryConfigurationDelegate restartedMain [32mFinished Spring Data repository scanning in 8 ms. Found 0 JDBC repository interfaces.
[0;39m[31m2024-04-04 10:37:36,484[0;39m [32m[INFO][0;39m com.zaxxer.hikari.HikariDataSource restartedMain [32mHikariPool-1 - Starting...
[0;39m[31m2024-04-04 10:37:36,491[0;39m [32m[WARN][0;39m com.zaxxer.hikari.util.DriverDataSource restartedMain [32mRegistered driver with driverClassName=oracle.jdbc.driver.OracleDriver was not found, trying direct instantiation.
[0;39m[31m2024-04-04 10:37:36,932[0;39m [32m[INFO][0;39m com.zaxxer.hikari.pool.PoolBase restartedMain [32mHikariPool-1 - Driver does not support get/set network timeout for connections. (oracle.jdbc.driver.T4CConnection.getNetworkTimeout()I)
[0;39m[31m2024-04-04 10:37:36,936[0;39m [32m[INFO][0;39m com.zaxxer.hikari.HikariDataSource restartedMain [32mHikariPool-1 - Start completed.
[0;39m[31m2024-04-04 10:37:37,208[0;39m [32m[INFO][0;39m org.springframework.boot.devtools.autoconfigure.OptionalLiveReloadServer restartedMain [32mLiveReload server is running on port 35729
[0;39m[31m2024-04-04 10:37:37,230[0;39m [32m[INFO][0;39m layer.dao.DaoApplication restartedMain [32mStarted DaoApplication in 3.013 seconds (JVM running for 3.845)
[0;39m[31m2024-04-04 10:37:37,480[0;39m [32m[INFO][0;39m com.zaxxer.hikari.HikariDataSource SpringApplicationShutdownHook [32mHikariPool-1 - Shutdown initiated...
[0;39m[31m2024-04-04 10:37:37,495[0;39m [32m[INFO][0;39m com.zaxxer.hikari.HikariDataSource SpringApplicationShutdownHook [32mHikariPool-1 - Shutdown completed.
[0;39m[31m2024-04-04 10:38:09,043[0;39m [32m[INFO][0;39m layer.dao.DaoApplication restartedMain [32mStarting DaoApplication using Java 1.8.0_202 on SRDB with PID 4824 (D:\Course backups\Java\DLithe2024Feb-Corporate-TietoEvry\DLTE-Java Full Stack Development - Razak Mohamed\DLTE-Spring-Framework\dao\dao\target\classes started by SRDB in D:\Course backups\Java\DLithe2024Feb-Corporate-TietoEvry\DLTE-Java Full Stack Development - Razak Mohamed\DLTE-Spring-Framework\dao\dao)
[0;39m[31m2024-04-04 10:38:09,045[0;39m [32m[INFO][0;39m layer.dao.DaoApplication restartedMain [32mNo active profile set, falling back to 1 default profile: "default"
[0;39m[31m2024-04-04 10:38:09,109[0;39m [32m[INFO][0;39m org.springframework.boot.devtools.restart.ChangeableUrls restartedMain [32mThe Class-Path manifest attribute in C:\Users\ADMIN\.m2\repository\com\oracle\database\security\oraclepki\21.5.0.0\oraclepki-21.5.0.0.jar referenced one or more files that do not exist: file:/C:/Users/ADMIN/.m2/repository/com/oracle/database/security/oraclepki/21.5.0.0/osdt_core.jar,file:/C:/Users/ADMIN/.m2/repository/com/oracle/database/security/oraclepki/21.5.0.0/osdt_cert.jar,file:/C:/Users/ADMIN/.m2/repository/com/oracle/database/security/oraclepki/oracle.osdt/osdt_core.jar,file:/C:/Users/ADMIN/.m2/repository/com/oracle/database/security/oraclepki/oracle.osdt/osdt_cert.jar
[0;39m[31m2024-04-04 10:38:09,110[0;39m [32m[INFO][0;39m org.springframework.boot.devtools.env.DevToolsPropertyDefaultsPostProcessor restartedMain [32mDevtools property defaults active! Set 'spring.devtools.add-properties' to 'false' to disable
[0;39m[31m2024-04-04 10:38:09,646[0;39m [32m[INFO][0;39m org.springframework.data.repository.config.RepositoryConfigurationDelegate restartedMain [32mBootstrapping Spring Data JDBC repositories in DEFAULT mode.
[0;39m[31m2024-04-04 10:38:09,663[0;39m [32m[INFO][0;39m org.springframework.data.repository.config.RepositoryConfigurationDelegate restartedMain [32mFinished Spring Data repository scanning in 8 ms. Found 0 JDBC repository interfaces.
[0;39m[31m2024-04-04 10:38:10,312[0;39m [32m[INFO][0;39m com.zaxxer.hikari.HikariDataSource restartedMain [32mHikariPool-1 - Starting...
[0;39m[31m2024-04-04 10:38:10,318[0;39m [32m[WARN][0;39m com.zaxxer.hikari.util.DriverDataSource restartedMain [32mRegistered driver with driverClassName=oracle.jdbc.driver.OracleDriver was not found, trying direct instantiation.
[0;39m[31m2024-04-04 10:38:10,745[0;39m [32m[INFO][0;39m com.zaxxer.hikari.pool.PoolBase restartedMain [32mHikariPool-1 - Driver does not support get/set network timeout for connections. (oracle.jdbc.driver.T4CConnection.getNetworkTimeout()I)
[0;39m[31m2024-04-04 10:38:10,751[0;39m [32m[INFO][0;39m com.zaxxer.hikari.HikariDataSource restartedMain [32mHikariPool-1 - Start completed.
[0;39m[31m2024-04-04 10:38:10,969[0;39m [32m[INFO][0;39m org.springframework.boot.devtools.autoconfigure.OptionalLiveReloadServer restartedMain [32mLiveReload server is running on port 35729
[0;39m[31m2024-04-04 10:38:10,993[0;39m [32m[INFO][0;39m layer.dao.DaoApplication restartedMain [32mStarted DaoApplication in 2.517 seconds (JVM running for 3.16)
[0;39m[31m2024-04-04 10:38:11,199[0;39m [32m[INFO][0;39m com.zaxxer.hikari.HikariDataSource SpringApplicationShutdownHook [32mHikariPool-1 - Shutdown initiated...
[0;39m[31m2024-04-04 10:38:11,230[0;39m [32m[INFO][0;39m com.zaxxer.hikari.HikariDataSource SpringApplicationShutdownHook [32mHikariPool-1 - Shutdown completed.
[0;39m[31m2024-04-04 10:39:04,931[0;39m [32m[INFO][0;39m layer.dao.DaoApplicationTests main [32mStarting DaoApplicationTests using Java 1.8.0_202 on SRDB with PID 7296 (started by SRDB in D:\Course backups\Java\DLithe2024Feb-Corporate-TietoEvry\DLTE-Java Full Stack Development - Razak Mohamed\DLTE-Spring-Framework\dao\dao)
[0;39m[31m2024-04-04 10:39:04,933[0;39m [32m[INFO][0;39m layer.dao.DaoApplicationTests main [32mNo active profile set, falling back to 1 default profile: "default"
[0;39m[31m2024-04-04 10:39:05,468[0;39m [32m[INFO][0;39m org.springframework.data.repository.config.RepositoryConfigurationDelegate main [32mBootstrapping Spring Data JDBC repositories in DEFAULT mode.
[0;39m[31m2024-04-04 10:39:05,468[0;39m [32m[INFO][0;39m org.springframework.data.repository.config.RepositoryConfigurationDelegate main [32mFinished Spring Data repository scanning in 4 ms. Found 0 JDBC repository interfaces.
[0;39m[31m2024-04-04 10:39:06,099[0;39m [32m[INFO][0;39m com.zaxxer.hikari.HikariDataSource main [32mHikariPool-1 - Starting...
[0;39m[31m2024-04-04 10:39:06,101[0;39m [32m[WARN][0;39m com.zaxxer.hikari.util.DriverDataSource main [32mRegistered driver with driverClassName=oracle.jdbc.driver.OracleDriver was not found, trying direct instantiation.
[0;39m[31m2024-04-04 10:39:06,528[0;39m [32m[INFO][0;39m com.zaxxer.hikari.pool.PoolBase main [32mHikariPool-1 - Driver does not support get/set network timeout for connections. (oracle.jdbc.driver.T4CConnection.getNetworkTimeout()I)
[0;39m[31m2024-04-04 10:39:06,528[0;39m [32m[INFO][0;39m com.zaxxer.hikari.HikariDataSource main [32mHikariPool-1 - Start completed.
[0;39m[31m2024-04-04 10:39:06,845[0;39m [32m[INFO][0;39m layer.dao.DaoApplicationTests main [32mStarted DaoApplicationTests in 2.317 seconds (JVM running for 3.61)
[0;39m[31m2024-04-04 10:39:07,352[0;39m [32m[INFO][0;39m com.zaxxer.hikari.HikariDataSource SpringApplicationShutdownHook [32mHikariPool-1 - Shutdown initiated...
[0;39m[31m2024-04-04 10:39:07,358[0;39m [32m[INFO][0;39m com.zaxxer.hikari.HikariDataSource SpringApplicationShutdownHook [32mHikariPool-1 - Shutdown completed.
[0;39m[31m2024-04-04 10:59:00,403[0;39m [32m[INFO][0;39m layer.dao.DaoApplication restartedMain [32mStarting DaoApplication using Java 1.8.0_202 on SRDB with PID 16044 (D:\Course backups\Java\DLithe2024Feb-Corporate-TietoEvry\DLTE-Java Full Stack Development - Razak Mohamed\DLTE-Spring-Framework\dao\dao\target\classes started by SRDB in D:\Course backups\Java\DLithe2024Feb-Corporate-TietoEvry\DLTE-Java Full Stack Development - Razak Mohamed\DLTE-Spring-Framework\dao\dao)
[0;39m[31m2024-04-04 10:59:00,405[0;39m [32m[INFO][0;39m layer.dao.DaoApplication restartedMain [32mNo active profile set, falling back to 1 default profile: "default"
[0;39m[31m2024-04-04 10:59:00,470[0;39m [32m[INFO][0;39m org.springframework.boot.devtools.restart.ChangeableUrls restartedMain [32mThe Class-Path manifest attribute in C:\Users\ADMIN\.m2\repository\com\oracle\database\security\oraclepki\21.5.0.0\oraclepki-21.5.0.0.jar referenced one or more files that do not exist: file:/C:/Users/ADMIN/.m2/repository/com/oracle/database/security/oraclepki/21.5.0.0/osdt_core.jar,file:/C:/Users/ADMIN/.m2/repository/com/oracle/database/security/oraclepki/21.5.0.0/osdt_cert.jar,file:/C:/Users/ADMIN/.m2/repository/com/oracle/database/security/oraclepki/oracle.osdt/osdt_core.jar,file:/C:/Users/ADMIN/.m2/repository/com/oracle/database/security/oraclepki/oracle.osdt/osdt_cert.jar
[0;39m[31m2024-04-04 10:59:00,471[0;39m [32m[INFO][0;39m org.springframework.boot.devtools.env.DevToolsPropertyDefaultsPostProcessor restartedMain [32mDevtools property defaults active! Set 'spring.devtools.add-properties' to 'false' to disable
[0;39m[31m2024-04-04 10:59:01,017[0;39m [32m[INFO][0;39m org.springframework.data.repository.config.RepositoryConfigurationDelegate restartedMain [32mBootstrapping Spring Data JDBC repositories in DEFAULT mode.
[0;39m[31m2024-04-04 10:59:01,031[0;39m [32m[INFO][0;39m org.springframework.data.repository.config.RepositoryConfigurationDelegate restartedMain [32mFinished Spring Data repository scanning in 7 ms. Found 0 JDBC repository interfaces.
[0;39m[31m2024-04-04 10:59:01,608[0;39m [32m[INFO][0;39m com.zaxxer.hikari.HikariDataSource restartedMain [32mHikariPool-1 - Starting...
[0;39m[31m2024-04-04 10:59:01,613[0;39m [32m[WARN][0;39m com.zaxxer.hikari.util.DriverDataSource restartedMain [32mRegistered driver with driverClassName=oracle.jdbc.driver.OracleDriver was not found, trying direct instantiation.
[0;39m[31m2024-04-04 10:59:02,009[0;39m [32m[INFO][0;39m com.zaxxer.hikari.pool.PoolBase restartedMain [32mHikariPool-1 - Driver does not support get/set network timeout for connections. (oracle.jdbc.driver.T4CConnection.getNetworkTimeout()I)
[0;39m[31m2024-04-04 10:59:02,014[0;39m [32m[INFO][0;39m com.zaxxer.hikari.HikariDataSource restartedMain [32mHikariPool-1 - Start completed.
[0;39m[31m2024-04-04 10:59:02,209[0;39m [32m[INFO][0;39m org.springframework.boot.devtools.autoconfigure.OptionalLiveReloadServer restartedMain [32mLiveReload server is running on port 35729
[0;39m[31m2024-04-04 10:59:02,259[0;39m [32m[INFO][0;39m layer.dao.DaoApplication restartedMain [32mStarted DaoApplication in 2.429 seconds (JVM running for 3.15)
[0;39m[31m2024-04-04 10:59:02,389[0;39m [32m[INFO][0;39m com.zaxxer.hikari.HikariDataSource SpringApplicationShutdownHook [32mHikariPool-1 - Shutdown initiated...
[0;39m[31m2024-04-04 10:59:02,399[0;39m [32m[INFO][0;39m com.zaxxer.hikari.HikariDataSource SpringApplicationShutdownHook [32mHikariPool-1 - Shutdown completed.
[0;39m[31m2024-04-04 10:59:20,062[0;39m [32m[INFO][0;39m layer.dao.DaoApplicationTests main [32mStarting DaoApplicationTests using Java 1.8.0_202 on SRDB with PID 13800 (started by SRDB in D:\Course backups\Java\DLithe2024Feb-Corporate-TietoEvry\DLTE-Java Full Stack Development - Razak Mohamed\DLTE-Spring-Framework\dao\dao)
[0;39m[31m2024-04-04 10:59:20,064[0;39m [32m[INFO][0;39m layer.dao.DaoApplicationTests main [32mNo active profile set, falling back to 1 default profile: "default"
[0;39m[31m2024-04-04 10:59:20,512[0;39m [32m[INFO][0;39m org.springframework.data.repository.config.RepositoryConfigurationDelegate main [32mBootstrapping Spring Data JDBC repositories in DEFAULT mode.
[0;39m[31m2024-04-04 10:59:20,521[0;39m [32m[INFO][0;39m org.springframework.data.repository.config.RepositoryConfigurationDelegate main [32mFinished Spring Data repository scanning in 6 ms. Found 0 JDBC repository interfaces.
[0;39m[31m2024-04-04 10:59:21,143[0;39m [32m[INFO][0;39m com.zaxxer.hikari.HikariDataSource main [32mHikariPool-1 - Starting...
[0;39m[31m2024-04-04 10:59:21,148[0;39m [32m[WARN][0;39m com.zaxxer.hikari.util.DriverDataSource main [32mRegistered driver with driverClassName=oracle.jdbc.driver.OracleDriver was not found, trying direct instantiation.
[0;39m[31m2024-04-04 10:59:21,627[0;39m [32m[INFO][0;39m com.zaxxer.hikari.pool.PoolBase main [32mHikariPool-1 - Driver does not support get/set network timeout for connections. (oracle.jdbc.driver.T4CConnection.getNetworkTimeout()I)
[0;39m[31m2024-04-04 10:59:21,631[0;39m [32m[INFO][0;39m com.zaxxer.hikari.HikariDataSource main [32mHikariPool-1 - Start completed.
[0;39m[31m2024-04-04 10:59:21,872[0;39m [32m[INFO][0;39m layer.dao.DaoApplicationTests main [32mStarted DaoApplicationTests in 2.181 seconds (JVM running for 3.328)
[0;39m[31m2024-04-04 10:59:22,354[0;39m [32m[INFO][0;39m com.zaxxer.hikari.HikariDataSource SpringApplicationShutdownHook [32mHikariPool-1 - Shutdown initiated...
[0;39m[31m2024-04-04 10:59:22,374[0;39m [32m[INFO][0;39m com.zaxxer.hikari.HikariDataSource SpringApplicationShutdownHook [32mHikariPool-1 - Shutdown completed.
[0;39m[31m2024-04-04 11:15:18,463[0;39m [32m[INFO][0;39m layer.dao.DaoApplicationTests main [32mStarting DaoApplicationTests using Java 1.8.0_202 on SRDB with PID 2912 (started by SRDB in D:\Course backups\Java\DLithe2024Feb-Corporate-TietoEvry\DLTE-Java Full Stack Development - Razak Mohamed\DLTE-Spring-Framework\dao\dao)
[0;39m[31m2024-04-04 11:15:18,465[0;39m [32m[INFO][0;39m layer.dao.DaoApplicationTests main [32mNo active profile set, falling back to 1 default profile: "default"
[0;39m[31m2024-04-04 11:15:18,967[0;39m [32m[INFO][0;39m org.springframework.data.repository.config.RepositoryConfigurationDelegate main [32mBootstrapping Spring Data JDBC repositories in DEFAULT mode.
[0;39m[31m2024-04-04 11:15:18,979[0;39m [32m[INFO][0;39m org.springframework.data.repository.config.RepositoryConfigurationDelegate main [32mFinished Spring Data repository scanning in 6 ms. Found 0 JDBC repository interfaces.
[0;39m[31m2024-04-04 11:15:19,738[0;39m [32m[INFO][0;39m com.zaxxer.hikari.HikariDataSource main [32mHikariPool-1 - Starting...
[0;39m[31m2024-04-04 11:15:19,757[0;39m [32m[WARN][0;39m com.zaxxer.hikari.util.DriverDataSource main [32mRegistered driver with driverClassName=oracle.jdbc.driver.OracleDriver was not found, trying direct instantiation.
[0;39m[31m2024-04-04 11:15:20,273[0;39m [32m[INFO][0;39m com.zaxxer.hikari.pool.PoolBase main [32mHikariPool-1 - Driver does not support get/set network timeout for connections. (oracle.jdbc.driver.T4CConnection.getNetworkTimeout()I)
[0;39m[31m2024-04-04 11:15:20,278[0;39m [32m[INFO][0;39m com.zaxxer.hikari.HikariDataSource main [32mHikariPool-1 - Start completed.
[0;39m[31m2024-04-04 11:15:20,531[0;39m [32m[INFO][0;39m layer.dao.DaoApplicationTests main [32mStarted DaoApplicationTests in 2.498 seconds (JVM running for 3.77)
[0;39m[31m2024-04-04 11:15:20,907[0;39m [32m[INFO][0;39m com.zaxxer.hikari.HikariDataSource SpringApplicationShutdownHook [32mHikariPool-1 - Shutdown initiated...
[0;39m[31m2024-04-04 11:15:20,928[0;39m [32m[INFO][0;39m com.zaxxer.hikari.HikariDataSource SpringApplicationShutdownHook [32mHikariPool-1 - Shutdown completed.
[0;39m[31m2024-04-04 11:24:13,593[0;39m [32m[INFO][0;39m layer.dao.DaoApplicationTests main [32mStarting DaoApplicationTests using Java 1.8.0_202 on SRDB with PID 8460 (started by SRDB in D:\Course backups\Java\DLithe2024Feb-Corporate-TietoEvry\DLTE-Java Full Stack Development - Razak Mohamed\DLTE-Spring-Framework\dao\dao)
[0;39m[31m2024-04-04 11:24:13,595[0;39m [32m[INFO][0;39m layer.dao.DaoApplicationTests main [32mNo active profile set, falling back to 1 default profile: "default"
[0;39m[31m2024-04-04 11:24:14,049[0;39m [32m[INFO][0;39m org.springframework.data.repository.config.RepositoryConfigurationDelegate main [32mBootstrapping Spring Data JDBC repositories in DEFAULT mode.
[0;39m[31m2024-04-04 11:24:14,063[0;39m [32m[INFO][0;39m org.springframework.data.repository.config.RepositoryConfigurationDelegate main [32mFinished Spring Data repository scanning in 7 ms. Found 0 JDBC repository interfaces.
[0;39m[31m2024-04-04 11:24:14,754[0;39m [32m[INFO][0;39m com.zaxxer.hikari.HikariDataSource main [32mHikariPool-1 - Starting...
[0;39m[31m2024-04-04 11:24:14,760[0;39m [32m[WARN][0;39m com.zaxxer.hikari.util.DriverDataSource main [32mRegistered driver with driverClassName=oracle.jdbc.driver.OracleDriver was not found, trying direct instantiation.
[0;39m[31m2024-04-04 11:24:15,081[0;39m [32m[INFO][0;39m com.zaxxer.hikari.pool.PoolBase main [32mHikariPool-1 - Driver does not support get/set network timeout for connections. (oracle.jdbc.driver.T4CConnection.getNetworkTimeout()I)
[0;39m[31m2024-04-04 11:24:15,084[0;39m [32m[INFO][0;39m com.zaxxer.hikari.HikariDataSource main [32mHikariPool-1 - Start completed.
[0;39m[31m2024-04-04 11:24:15,319[0;39m [32m[INFO][0;39m layer.dao.DaoApplicationTests main [32mStarted DaoApplicationTests in 2.094 seconds (JVM running for 3.172)
[0;39m[31m2024-04-04 11:24:15,647[0;39m [32m[INFO][0;39m com.zaxxer.hikari.HikariDataSource SpringApplicationShutdownHook [32mHikariPool-1 - Shutdown initiated...
[0;39m[31m2024-04-04 11:24:15,668[0;39m [32m[INFO][0;39m com.zaxxer.hikari.HikariDataSource SpringApplicationShutdownHook [32mHikariPool-1 - Shutdown completed.
[0;39m[31m2024-04-04 12:02:57,036[0;39m [32m[INFO][0;39m layer.dao.DaoApplication restartedMain [32mStarting DaoApplication using Java 1.8.0_202 on SRDB with PID 8516 (D:\Course backups\Java\DLithe2024Feb-Corporate-TietoEvry\DLTE-Java Full Stack Development - Razak Mohamed\DLTE-Spring-Framework\dao\dao\target\classes started by SRDB in D:\Course backups\Java\DLithe2024Feb-Corporate-TietoEvry\DLTE-Java Full Stack Development - Razak Mohamed\DLTE-Spring-Framework\dao\dao)
[0;39m[31m2024-04-04 12:02:57,038[0;39m [32m[INFO][0;39m layer.dao.DaoApplication restartedMain [32mNo active profile set, falling back to 1 default profile: "default"
[0;39m[31m2024-04-04 12:02:57,120[0;39m [32m[INFO][0;39m org.springframework.boot.devtools.restart.ChangeableUrls restartedMain [32mThe Class-Path manifest attribute in C:\Users\ADMIN\.m2\repository\com\oracle\database\security\oraclepki\21.5.0.0\oraclepki-21.5.0.0.jar referenced one or more files that do not exist: file:/C:/Users/ADMIN/.m2/repository/com/oracle/database/security/oraclepki/21.5.0.0/osdt_core.jar,file:/C:/Users/ADMIN/.m2/repository/com/oracle/database/security/oraclepki/21.5.0.0/osdt_cert.jar,file:/C:/Users/ADMIN/.m2/repository/com/oracle/database/security/oraclepki/oracle.osdt/osdt_core.jar,file:/C:/Users/ADMIN/.m2/repository/com/oracle/database/security/oraclepki/oracle.osdt/osdt_cert.jar
[0;39m[31m2024-04-04 12:02:57,121[0;39m [32m[INFO][0;39m org.springframework.boot.devtools.env.DevToolsPropertyDefaultsPostProcessor restartedMain [32mDevtools property defaults active! Set 'spring.devtools.add-properties' to 'false' to disable
[0;39m[31m2024-04-04 12:02:57,636[0;39m [32m[INFO][0;39m org.springframework.data.repository.config.RepositoryConfigurationDelegate restartedMain [32mBootstrapping Spring Data JDBC repositories in DEFAULT mode.
[0;39m[31m2024-04-04 12:02:57,649[0;39m [32m[INFO][0;39m org.springframework.data.repository.config.RepositoryConfigurationDelegate restartedMain [32mFinished Spring Data repository scanning in 8 ms. Found 0 JDBC repository interfaces.
[0;39m[31m2024-04-04 12:02:58,235[0;39m [32m[INFO][0;39m com.zaxxer.hikari.HikariDataSource restartedMain [32mHikariPool-1 - Starting...
[0;39m[31m2024-04-04 12:02:58,240[0;39m [32m[WARN][0;39m com.zaxxer.hikari.util.DriverDataSource restartedMain [32mRegistered driver with driverClassName=oracle.jdbc.driver.OracleDriver was not found, trying direct instantiation.
[0;39m[31m2024-04-04 12:02:58,594[0;39m [32m[INFO][0;39m com.zaxxer.hikari.pool.PoolBase restartedMain [32mHikariPool-1 - Driver does not support get/set network timeout for connections. (oracle.jdbc.driver.T4CConnection.getNetworkTimeout()I)
[0;39m[31m2024-04-04 12:02:58,598[0;39m [32m[INFO][0;39m com.zaxxer.hikari.HikariDataSource restartedMain [32mHikariPool-1 - Start completed.
[0;39m[31m2024-04-04 12:02:58,791[0;39m [32m[INFO][0;39m org.springframework.boot.devtools.autoconfigure.OptionalLiveReloadServer restartedMain [32mLiveReload server is running on port 35729
[0;39m[31m2024-04-04 12:02:58,843[0;39m [32m[INFO][0;39m layer.dao.DaoApplication restartedMain [32mStarted DaoApplication in 2.362 seconds (JVM running for 2.948)
[0;39m[31m2024-04-04 12:02:58,975[0;39m [32m[INFO][0;39m com.zaxxer.hikari.HikariDataSource SpringApplicationShutdownHook [32mHikariPool-1 - Shutdown initiated...
[0;39m[31m2024-04-04 12:02:58,990[0;39m [32m[INFO][0;39m com.zaxxer.hikari.HikariDataSource SpringApplicationShutdownHook [32mHikariPool-1 - Shutdown completed.
[0;39m[31m2024-04-04 12:03:21,226[0;39m [32m[INFO][0;39m layer.dao.DaoApplicationTests main [32mStarting DaoApplicationTests using Java 1.8.0_202 on SRDB with PID 16952 (started by SRDB in D:\Course backups\Java\DLithe2024Feb-Corporate-TietoEvry\DLTE-Java Full Stack Development - Razak Mohamed\DLTE-Spring-Framework\dao\dao)
[0;39m[31m2024-04-04 12:03:21,228[0;39m [32m[INFO][0;39m layer.dao.DaoApplicationTests main [32mNo active profile set, falling back to 1 default profile: "default"
[0;39m[31m2024-04-04 12:03:21,643[0;39m [32m[INFO][0;39m org.springframework.data.repository.config.RepositoryConfigurationDelegate main [32mBootstrapping Spring Data JDBC repositories in DEFAULT mode.
[0;39m[31m2024-04-04 12:03:21,651[0;39m [32m[INFO][0;39m org.springframework.data.repository.config.RepositoryConfigurationDelegate main [32mFinished Spring Data repository scanning in 4 ms. Found 0 JDBC repository interfaces.
[0;39m[31m2024-04-04 12:03:22,216[0;39m [32m[INFO][0;39m com.zaxxer.hikari.HikariDataSource main [32mHikariPool-1 - Starting...
[0;39m[31m2024-04-04 12:03:22,223[0;39m [32m[WARN][0;39m com.zaxxer.hikari.util.DriverDataSource main [32mRegistered driver with driverClassName=oracle.jdbc.driver.OracleDriver was not found, trying direct instantiation.
[0;39m[31m2024-04-04 12:03:22,564[0;39m [32m[INFO][0;39m com.zaxxer.hikari.pool.PoolBase main [32mHikariPool-1 - Driver does not support get/set network timeout for connections. (oracle.jdbc.driver.T4CConnection.getNetworkTimeout()I)
[0;39m[31m2024-04-04 12:03:22,568[0;39m [32m[INFO][0;39m com.zaxxer.hikari.HikariDataSource main [32mHikariPool-1 - Start completed.
[0;39m[31m2024-04-04 12:03:22,824[0;39m [32m[INFO][0;39m layer.dao.DaoApplicationTests main [32mStarted DaoApplicationTests in 1.907 seconds (JVM running for 2.955)
[0;39m[31m2024-04-04 12:03:23,208[0;39m [32m[INFO][0;39m com.zaxxer.hikari.HikariDataSource SpringApplicationShutdownHook [32mHikariPool-1 - Shutdown initiated...
[0;39m[31m2024-04-04 12:03:23,222[0;39m [32m[INFO][0;39m com.zaxxer.hikari.HikariDataSource SpringApplicationShutdownHook [32mHikariPool-1 - Shutdown completed.
[0;39m[31m2024-04-04 12:17:48,532[0;39m [32m[INFO][0;39m layer.dao.DaoApplicationTests main [32mStarting DaoApplicationTests using Java 1.8.0_202 on SRDB with PID 13576 (started by SRDB in D:\Course backups\Java\DLithe2024Feb-Corporate-TietoEvry\DLTE-Java Full Stack Development - Razak Mohamed\DLTE-Spring-Framework\dao\dao)
[0;39m[31m2024-04-04 12:17:48,535[0;39m [32m[INFO][0;39m layer.dao.DaoApplicationTests main [32mNo active profile set, falling back to 1 default profile: "default"
[0;39m[31m2024-04-04 12:17:49,015[0;39m [32m[INFO][0;39m org.springframework.data.repository.config.RepositoryConfigurationDelegate main [32mBootstrapping Spring Data JDBC repositories in DEFAULT mode.
[0;39m[31m2024-04-04 12:17:49,026[0;39m [32m[INFO][0;39m org.springframework.data.repository.config.RepositoryConfigurationDelegate main [32mFinished Spring Data repository scanning in 5 ms. Found 0 JDBC repository interfaces.
[0;39m[31m2024-04-04 12:17:49,807[0;39m [32m[INFO][0;39m com.zaxxer.hikari.HikariDataSource main [32mHikariPool-1 - Starting...
[0;39m[31m2024-04-04 12:17:49,811[0;39m [32m[WARN][0;39m com.zaxxer.hikari.util.DriverDataSource main [32mRegistered driver with driverClassName=oracle.jdbc.driver.OracleDriver was not found, trying direct instantiation.
[0;39m[31m2024-04-04 12:17:50,203[0;39m [32m[INFO][0;39m com.zaxxer.hikari.pool.PoolBase main [32mHikariPool-1 - Driver does not support get/set network timeout for connections. (oracle.jdbc.driver.T4CConnection.getNetworkTimeout()I)
[0;39m[31m2024-04-04 12:17:50,207[0;39m [32m[INFO][0;39m com.zaxxer.hikari.HikariDataSource main [32mHikariPool-1 - Start completed.
[0;39m[31m2024-04-04 12:17:50,437[0;39m [32m[INFO][0;39m layer.dao.DaoApplicationTests main [32mStarted DaoApplicationTests in 2.249 seconds (JVM running for 3.232)
[0;39m[31m2024-04-04 12:17:50,764[0;39m [32m[INFO][0;39m com.zaxxer.hikari.HikariDataSource SpringApplicationShutdownHook [32mHikariPool-1 - Shutdown initiated...
[0;39m[31m2024-04-04 12:17:50,783[0;39m [32m[INFO][0;39m com.zaxxer.hikari.HikariDataSource SpringApplicationShutdownHook [32mHikariPool-1 - Shutdown completed.
[0;39m[31m2024-04-04 12:26:58,219[0;39m [32m[INFO][0;39m layer.dao.DaoApplicationTests main [32mStarting DaoApplicationTests using Java 1.8.0_202 on SRDB with PID 3184 (started by SRDB in D:\Course backups\Java\DLithe2024Feb-Corporate-TietoEvry\DLTE-Java Full Stack Development - Razak Mohamed\DLTE-Spring-Framework\dao\dao)
[0;39m[31m2024-04-04 12:26:58,220[0;39m [32m[INFO][0;39m layer.dao.DaoApplicationTests main [32mNo active profile set, falling back to 1 default profile: "default"
[0;39m[31m2024-04-04 12:26:58,966[0;39m [32m[INFO][0;39m org.springframework.data.repository.config.RepositoryConfigurationDelegate main [32mBootstrapping Spring Data JDBC repositories in DEFAULT mode.
[0;39m[31m2024-04-04 12:26:58,986[0;39m [32m[INFO][0;39m org.springframework.data.repository.config.RepositoryConfigurationDelegate main [32mFinished Spring Data repository scanning in 10 ms. Found 0 JDBC repository interfaces.
[0;39m[31m2024-04-04 12:27:00,597[0;39m [32m[INFO][0;39m com.zaxxer.hikari.HikariDataSource main [32mHikariPool-1 - Starting...
[0;39m[31m2024-04-04 12:27:00,603[0;39m [32m[WARN][0;39m com.zaxxer.hikari.util.DriverDataSource main [32mRegistered driver with driverClassName=oracle.jdbc.driver.OracleDriver was not found, trying direct instantiation.
[0;39m[31m2024-04-04 12:27:00,990[0;39m [32m[INFO][0;39m com.zaxxer.hikari.pool.PoolBase main [32mHikariPool-1 - Driver does not support get/set network timeout for connections. (oracle.jdbc.driver.T4CConnection.getNetworkTimeout()I)
[0;39m[31m2024-04-04 12:27:00,996[0;39m [32m[INFO][0;39m com.zaxxer.hikari.HikariDataSource main [32mHikariPool-1 - Start completed.
[0;39m[31m2024-04-04 12:27:01,316[0;39m [32m[INFO][0;39m layer.dao.DaoApplicationTests main [32mStarted DaoApplicationTests in 3.4 seconds (JVM running for 4.44)
[0;39m[31m2024-04-04 12:27:01,755[0;39m [32m[INFO][0;39m com.zaxxer.hikari.HikariDataSource SpringApplicationShutdownHook [32mHikariPool-1 - Shutdown initiated...
[0;39m[31m2024-04-04 12:27:01,773[0;39m [32m[INFO][0;39m com.zaxxer.hikari.HikariDataSource SpringApplicationShutdownHook [32mHikariPool-1 - Shutdown completed.
[0;39m[31m2024-04-04 12:43:40,785[0;39m [32m[INFO][0;39m layer.dao.DaoApplicationTests main [32mStarting DaoApplicationTests using Java 1.8.0_202 on SRDB with PID 10212 (started by SRDB in D:\Course backups\Java\DLithe2024Feb-Corporate-TietoEvry\DLTE-Java Full Stack Development - Razak Mohamed\DLTE-Spring-Framework\dao\dao)
[0;39m[31m2024-04-04 12:43:40,788[0;39m [32m[INFO][0;39m layer.dao.DaoApplicationTests main [32mNo active profile set, falling back to 1 default profile: "default"
[0;39m[31m2024-04-04 12:43:41,619[0;39m [32m[INFO][0;39m org.springframework.data.repository.config.RepositoryConfigurationDelegate main [32mBootstrapping Spring Data JDBC repositories in DEFAULT mode.
[0;39m[31m2024-04-04 12:43:41,635[0;39m [32m[INFO][0;39m org.springframework.data.repository.config.RepositoryConfigurationDelegate main [32mFinished Spring Data repository scanning in 8 ms. Found 0 JDBC repository interfaces.
[0;39m[31m2024-04-04 12:43:43,624[0;39m [32m[INFO][0;39m com.zaxxer.hikari.HikariDataSource main [32mHikariPool-1 - Starting...
[0;39m[31m2024-04-04 12:43:43,631[0;39m [32m[WARN][0;39m com.zaxxer.hikari.util.DriverDataSource main [32mRegistered driver with driverClassName=oracle.jdbc.driver.OracleDriver was not found, trying direct instantiation.
[0;39m[31m2024-04-04 12:43:44,570[0;39m [32m[INFO][0;39m com.zaxxer.hikari.HikariDataSource main [32mHikariPool-1 - Start completed.
[0;39m[31m2024-04-04 12:43:44,848[0;39m [32m[INFO][0;39m layer.dao.DaoApplicationTests main [32mStarted DaoApplicationTests in 4.403 seconds (JVM running for 5.371)
[0;39m[31m2024-04-04 12:43:45,368[0;39m [32m[INFO][0;39m com.zaxxer.hikari.HikariDataSource SpringApplicationShutdownHook [32mHikariPool-1 - Shutdown initiated...
[0;39m[31m2024-04-04 12:43:45,392[0;39m [32m[INFO][0;39m com.zaxxer.hikari.HikariDataSource SpringApplicationShutdownHook [32mHikariPool-1 - Shutdown completed.
[0;39m[31m2024-04-04 12:47:28,244[0;39m [32m[INFO][0;39m layer.dao.DaoApplication restartedMain [32mStarting DaoApplication using Java 1.8.0_202 on SRDB with PID 14788 (D:\Course backups\Java\DLithe2024Feb-Corporate-TietoEvry\DLTE-Java Full Stack Development - Razak Mohamed\DLTE-Spring-Framework\dao\dao\target\classes started by SRDB in D:\Course backups\Java\DLithe2024Feb-Corporate-TietoEvry\DLTE-Java Full Stack Development - Razak Mohamed\DLTE-Spring-Framework\dao\dao)
[0;39m[31m2024-04-04 12:47:28,246[0;39m [32m[INFO][0;39m layer.dao.DaoApplication restartedMain [32mNo active profile set, falling back to 1 default profile: "default"
[0;39m[31m2024-04-04 12:47:28,302[0;39m [32m[INFO][0;39m org.springframework.boot.devtools.restart.ChangeableUrls restartedMain [32mThe Class-Path manifest attribute in C:\Users\ADMIN\.m2\repository\com\oracle\database\jdbc\ojdbc8\21.5.0.0\ojdbc8-21.5.0.0.jar referenced one or more files that do not exist: file:/C:/Users/ADMIN/.m2/repository/com/oracle/database/jdbc/ojdbc8/21.5.0.0/oraclepki.jar
[0;39m[31m2024-04-04 12:47:28,303[0;39m [32m[INFO][0;39m org.springframework.boot.devtools.env.DevToolsPropertyDefaultsPostProcessor restartedMain [32mDevtools property defaults active! Set 'spring.devtools.add-properties' to 'false' to disable
[0;39m[31m2024-04-04 12:47:28,303[0;39m [32m[INFO][0;39m org.springframework.boot.devtools.env.DevToolsPropertyDefaultsPostProcessor restartedMain [32mFor additional web related logging consider setting the 'logging.level.web' property to 'DEBUG'
[0;39m[31m2024-04-04 12:47:29,106[0;39m [32m[INFO][0;39m org.springframework.data.repository.config.RepositoryConfigurationDelegate restartedMain [32mBootstrapping Spring Data JDBC repositories in DEFAULT mode.
[0;39m[31m2024-04-04 12:47:29,123[0;39m [32m[INFO][0;39m org.springframework.data.repository.config.RepositoryConfigurationDelegate restartedMain [32mFinished Spring Data repository scanning in 9 ms. Found 0 JDBC repository interfaces.
[0;39m[31m2024-04-04 12:47:30,409[0;39m [32m[INFO][0;39m org.springframework.boot.web.embedded.tomcat.TomcatWebServer restartedMain [32mTomcat initialized with port(s): 8082 (http)
[0;39m[31m2024-04-04 12:47:30,426[0;39m [32m[INFO][0;39m org.apache.catalina.core.StandardService restartedMain [32mStarting service [Tomcat]
[0;39m[31m2024-04-04 12:47:30,426[0;39m [32m[INFO][0;39m org.apache.catalina.core.StandardEngine restartedMain [32mStarting Servlet engine: [Apache Tomcat/9.0.73]
[0;39m[31m2024-04-04 12:47:30,551[0;39m [32m[INFO][0;39m org.apache.catalina.core.ContainerBase.[Tomcat].[localhost].[/] restartedMain [32mInitializing Spring embedded WebApplicationContext
[0;39m[31m2024-04-04 12:47:30,552[0;39m [32m[INFO][0;39m org.springframework.boot.web.servlet.context.ServletWebServerApplicationContext restartedMain [32mRoot WebApplicationContext: initialization completed in 2248 ms
[0;39m[31m2024-04-04 12:47:31,424[0;39m [32m[INFO][0;39m com.zaxxer.hikari.HikariDataSource restartedMain [32mHikariPool-1 - Starting...
[0;39m[31m2024-04-04 12:47:31,429[0;39m [32m[WARN][0;39m com.zaxxer.hikari.util.DriverDataSource restartedMain [32mRegistered driver with driverClassName=oracle.jdbc.driver.OracleDriver was not found, trying direct instantiation.
[0;39m[31m2024-04-04 12:47:31,855[0;39m [32m[INFO][0;39m com.zaxxer.hikari.HikariDataSource restartedMain [32mHikariPool-1 - Start completed.
[0;39m[31m2024-04-04 12:47:32,017[0;39m [32m[INFO][0;39m org.springframework.boot.devtools.autoconfigure.OptionalLiveReloadServer restartedMain [32mLiveReload server is running on port 35729
[0;39m[31m2024-04-04 12:47:32,063[0;39m [32m[INFO][0;39m org.springframework.boot.web.embedded.tomcat.TomcatWebServer restartedMain [32mTomcat started on port(s): 8082 (http) with context path ''
[0;39m[31m2024-04-04 12:47:32,095[0;39m [32m[INFO][0;39m layer.dao.DaoApplication restartedMain [32mStarted DaoApplication in 4.307 seconds (JVM running for 4.886)
[0;39m[31m2024-04-04 12:48:09,762[0;39m [32m[INFO][0;39m org.apache.catalina.core.ContainerBase.[Tomcat].[localhost].[/] http-nio-8082-exec-1 [32mInitializing Spring DispatcherServlet 'dispatcherServlet'
[0;39m[31m2024-04-04 12:48:09,762[0;39m [32m[INFO][0;39m org.springframework.web.servlet.DispatcherServlet http-nio-8082-exec-1 [32mInitializing Servlet 'dispatcherServlet'
[0;39m[31m2024-04-04 12:48:09,762[0;39m [32m[INFO][0;39m org.springframework.web.servlet.DispatcherServlet http-nio-8082-exec-1 [32mCompleted initialization in 0 ms
[0;39m[31m2024-04-04 12:49:26,590[0;39m [32m[INFO][0;39m com.zaxxer.hikari.HikariDataSource SpringApplicationShutdownHook [32mHikariPool-1 - Shutdown initiated...
[0;39m[31m2024-04-04 12:49:26,600[0;39m [32m[INFO][0;39m com.zaxxer.hikari.HikariDataSource SpringApplicationShutdownHook [32mHikariPool-1 - Shutdown completed.
[0;39m[31m2024-04-04 12:49:55,260[0;39m [32m[INFO][0;39m layer.dao.DaoApplicationTests main [32mStarting DaoApplicationTests using Java 1.8.0_202 on SRDB with PID 4136 (started by SRDB in D:\Course backups\Java\DLithe2024Feb-Corporate-TietoEvry\DLTE-Java Full Stack Development - Razak Mohamed\DLTE-Spring-Framework\dao\dao)
[0;39m[31m2024-04-04 12:49:55,263[0;39m [32m[INFO][0;39m layer.dao.DaoApplicationTests main [32mNo active profile set, falling back to 1 default profile: "default"
[0;39m[31m2024-04-04 12:49:56,170[0;39m [32m[INFO][0;39m org.springframework.data.repository.config.RepositoryConfigurationDelegate main [32mBootstrapping Spring Data JDBC repositories in DEFAULT mode.
[0;39m[31m2024-04-04 12:49:56,192[0;39m [32m[INFO][0;39m org.springframework.data.repository.config.RepositoryConfigurationDelegate main [32mFinished Spring Data repository scanning in 13 ms. Found 0 JDBC repository interfaces.
[0;39m[31m2024-04-04 12:49:58,385[0;39m [32m[INFO][0;39m com.zaxxer.hikari.HikariDataSource main [32mHikariPool-1 - Starting...
[0;39m[31m2024-04-04 12:49:58,392[0;39m [32m[WARN][0;39m com.zaxxer.hikari.util.DriverDataSource main [32mRegistered driver with driverClassName=oracle.jdbc.driver.OracleDriver was not found, trying direct instantiation.
[0;39m[31m2024-04-04 12:49:59,194[0;39m [32m[INFO][0;39m com.zaxxer.hikari.HikariDataSource main [32mHikariPool-1 - Start completed.
[0;39m[31m2024-04-04 12:49:59,367[0;39m [32m[INFO][0;39m layer.dao.DaoApplicationTests main [32mStarted DaoApplicationTests in 4.432 seconds (JVM running for 5.488)
[0;39m[31m2024-04-04 12:49:59,941[0;39m [32m[INFO][0;39m com.zaxxer.hikari.HikariDataSource SpringApplicationShutdownHook [32mHikariPool-1 - Shutdown initiated...
[0;39m[31m2024-04-04 12:49:59,958[0;39m [32m[INFO][0;39m com.zaxxer.hikari.HikariDataSource SpringApplicationShutdownHook [32mHikariPool-1 - Shutdown completed.
[0;39m[31m2024-04-04 12:58:04,801[0;39m [32m[INFO][0;39m layer.dao.DaoApplicationTests main [32mStarting DaoApplicationTests using Java 1.8.0_202 on SRDB with PID 9856 (started by SRDB in D:\Course backups\Java\DLithe2024Feb-Corporate-TietoEvry\DLTE-Java Full Stack Development - Razak Mohamed\DLTE-Spring-Framework\dao\dao)
[0;39m[31m2024-04-04 12:58:04,802[0;39m [32m[DEBUG][0;39m layer.dao.DaoApplicationTests main [32mRunning with Spring Boot v2.7.10, Spring v5.3.26
[0;39m[31m2024-04-04 12:58:04,802[0;39m [32m[INFO][0;39m layer.dao.DaoApplicationTests main [32mNo active profile set, falling back to 1 default profile: "default"
[0;39m[31m2024-04-04 12:58:05,495[0;39m [32m[INFO][0;39m org.springframework.data.repository.config.RepositoryConfigurationDelegate main [32mBootstrapping Spring Data JDBC repositories in DEFAULT mode.
[0;39m[31m2024-04-04 12:58:05,507[0;39m [32m[INFO][0;39m org.springframework.data.repository.config.RepositoryConfigurationDelegate main [32mFinished Spring Data repository scanning in 7 ms. Found 0 JDBC repository interfaces.
[0;39m[31m2024-04-04 12:58:07,012[0;39m [32m[INFO][0;39m com.zaxxer.hikari.HikariDataSource main [32mHikariPool-1 - Starting...
[0;39m[31m2024-04-04 12:58:07,019[0;39m [32m[WARN][0;39m com.zaxxer.hikari.util.DriverDataSource main [32mRegistered driver with driverClassName=oracle.jdbc.driver.OracleDriver was not found, trying direct instantiation.
[0;39m[31m2024-04-04 12:58:07,831[0;39m [32m[INFO][0;39m com.zaxxer.hikari.HikariDataSource main [32mHikariPool-1 - Start completed.
[0;39m[31m2024-04-04 12:58:08,097[0;39m [32m[INFO][0;39m layer.dao.DaoApplicationTests main [32mStarted DaoApplicationTests in 3.601 seconds (JVM running for 4.62)
[0;39m[31m2024-04-04 12:58:08,449[0;39m [32m[INFO][0;39m com.zaxxer.hikari.HikariDataSource SpringApplicationShutdownHook [32mHikariPool-1 - Shutdown initiated...
[0;39m[31m2024-04-04 12:58:08,465[0;39m [32m[INFO][0;39m com.zaxxer.hikari.HikariDataSource SpringApplicationShutdownHook [32mHikariPool-1 - Shutdown completed.
[0;39m[31m2024-04-04 13:10:30,649[0;39m [32m[INFO][0;39m layer.dao.DaoApplicationTests main [32mStarting DaoApplicationTests using Java 1.8.0_202 on SRDB with PID 9392 (started by SRDB in D:\Course backups\Java\DLithe2024Feb-Corporate-TietoEvry\DLTE-Java Full Stack Development - Razak Mohamed\DLTE-Spring-Framework\dao\dao)
[0;39m[31m2024-04-04 13:10:30,651[0;39m [32m[DEBUG][0;39m layer.dao.DaoApplicationTests main [32mRunning with Spring Boot v2.7.10, Spring v5.3.26
[0;39m[31m2024-04-04 13:10:30,652[0;39m [32m[INFO][0;39m layer.dao.DaoApplicationTests main [32mNo active profile set, falling back to 1 default profile: "default"
[0;39m[31m2024-04-04 13:10:31,582[0;39m [32m[INFO][0;39m org.springframework.data.repository.config.RepositoryConfigurationDelegate main [32mBootstrapping Spring Data JDBC repositories in DEFAULT mode.
[0;39m[31m2024-04-04 13:10:31,592[0;39m [32m[INFO][0;39m org.springframework.data.repository.config.RepositoryConfigurationDelegate main [32mFinished Spring Data repository scanning in 10 ms. Found 0 JDBC repository interfaces.
[0;39m[31m2024-04-04 13:10:33,175[0;39m [32m[INFO][0;39m com.zaxxer.hikari.HikariDataSource main [32mHikariPool-1 - Starting...
[0;39m[31m2024-04-04 13:10:33,175[0;39m [32m[WARN][0;39m com.zaxxer.hikari.util.DriverDataSource main [32mRegistered driver with driverClassName=oracle.jdbc.driver.OracleDriver was not found, trying direct instantiation.
[0;39m[31m2024-04-04 13:10:33,986[0;39m [32m[INFO][0;39m com.zaxxer.hikari.HikariDataSource main [32mHikariPool-1 - Start completed.
[0;39m[31m2024-04-04 13:10:34,374[0;39m [32m[INFO][0;39m layer.dao.DaoApplicationTests main [32mStarted DaoApplicationTests in 4.122 seconds (JVM running for 5.086)
[0;39m[31m2024-04-04 13:10:34,827[0;39m [32m[INFO][0;39m com.zaxxer.hikari.HikariDataSource SpringApplicationShutdownHook [32mHikariPool-1 - Shutdown initiated...
[0;39m[31m2024-04-04 13:10:34,905[0;39m [32m[INFO][0;39m com.zaxxer.hikari.HikariDataSource SpringApplicationShutdownHook [32mHikariPool-1 - Shutdown completed.
[0;39m[31m2024-04-04 13:15:48,335[0;39m [32m[INFO][0;39m layer.dao.DaoApplicationTests main [32mStarting DaoApplicationTests using Java 1.8.0_202 on SRDB with PID 11916 (started by SRDB in D:\Course backups\Java\DLithe2024Feb-Corporate-TietoEvry\DLTE-Java Full Stack Development - Razak Mohamed\DLTE-Spring-Framework\dao\dao)
[0;39m[31m2024-04-04 13:15:48,336[0;39m [32m[DEBUG][0;39m layer.dao.DaoApplicationTests main [32mRunning with Spring Boot v2.7.10, Spring v5.3.26
[0;39m[31m2024-04-04 13:15:48,337[0;39m [32m[INFO][0;39m layer.dao.DaoApplicationTests main [32mNo active profile set, falling back to 1 default profile: "default"
[0;39m[31m2024-04-04 13:15:49,242[0;39m [32m[INFO][0;39m org.springframework.data.repository.config.RepositoryConfigurationDelegate main [32mBootstrapping Spring Data JDBC repositories in DEFAULT mode.
[0;39m[31m2024-04-04 13:15:49,261[0;39m [32m[INFO][0;39m org.springframework.data.repository.config.RepositoryConfigurationDelegate main [32mFinished Spring Data repository scanning in 12 ms. Found 0 JDBC repository interfaces.
[0;39m[31m2024-04-04 13:15:51,119[0;39m [32m[INFO][0;39m com.zaxxer.hikari.HikariDataSource main [32mHikariPool-1 - Starting...
[0;39m[31m2024-04-04 13:15:51,125[0;39m [32m[WARN][0;39m com.zaxxer.hikari.util.DriverDataSource main [32mRegistered driver with driverClassName=oracle.jdbc.driver.OracleDriver was not found, trying direct instantiation.
[0;39m[31m2024-04-04 13:15:52,083[0;39m [32m[INFO][0;39m com.zaxxer.hikari.HikariDataSource main [32mHikariPool-1 - Start completed.
[0;39m[31m2024-04-04 13:15:52,377[0;39m [32m[INFO][0;39m layer.dao.DaoApplicationTests main [32mStarted DaoApplicationTests in 4.347 seconds (JVM running for 5.364)
[0;39m[31m2024-04-04 13:15:52,845[0;39m [32m[INFO][0;39m com.zaxxer.hikari.HikariDataSource SpringApplicationShutdownHook [32mHikariPool-1 - Shutdown initiated...
[0;39m[31m2024-04-04 13:15:52,874[0;39m [32m[INFO][0;39m com.zaxxer.hikari.HikariDataSource SpringApplicationShutdownHook [32mHikariPool-1 - Shutdown completed.
[0;39m[31m2024-04-04 13:18:33,091[0;39m [32m[INFO][0;39m layer.dao.DaoApplication restartedMain [32mStarting DaoApplication using Java 1.8.0_202 on SRDB with PID 5288 (D:\Course backups\Java\DLithe2024Feb-Corporate-TietoEvry\DLTE-Java Full Stack Development - Razak Mohamed\DLTE-Spring-Framework\dao\dao\target\classes started by SRDB in D:\Course backups\Java\DLithe2024Feb-Corporate-TietoEvry\DLTE-Java Full Stack Development - Razak Mohamed\DLTE-Spring-Framework\dao\dao)
[0;39m[31m2024-04-04 13:18:33,092[0;39m [32m[DEBUG][0;39m layer.dao.DaoApplication restartedMain [32mRunning with Spring Boot v2.7.10, Spring v5.3.26
[0;39m[31m2024-04-04 13:18:33,092[0;39m [32m[INFO][0;39m layer.dao.DaoApplication restartedMain [32mNo active profile set, falling back to 1 default profile: "default"
[0;39m[31m2024-04-04 13:18:33,150[0;39m [32m[INFO][0;39m org.springframework.boot.devtools.restart.ChangeableUrls restartedMain [32mThe Class-Path manifest attribute in C:\Users\ADMIN\.m2\repository\com\oracle\database\jdbc\ojdbc8\21.5.0.0\ojdbc8-21.5.0.0.jar referenced one or more files that do not exist: file:/C:/Users/ADMIN/.m2/repository/com/oracle/database/jdbc/ojdbc8/21.5.0.0/oraclepki.jar
[0;39m[31m2024-04-04 13:18:33,151[0;39m [32m[INFO][0;39m org.springframework.boot.devtools.env.DevToolsPropertyDefaultsPostProcessor restartedMain [32mDevtools property defaults active! Set 'spring.devtools.add-properties' to 'false' to disable
[0;39m[31m2024-04-04 13:18:33,151[0;39m [32m[INFO][0;39m org.springframework.boot.devtools.env.DevToolsPropertyDefaultsPostProcessor restartedMain [32mFor additional web related logging consider setting the 'logging.level.web' property to 'DEBUG'
[0;39m[31m2024-04-04 13:18:33,868[0;39m [32m[INFO][0;39m org.springframework.data.repository.config.RepositoryConfigurationDelegate restartedMain [32mBootstrapping Spring Data JDBC repositories in DEFAULT mode.
[0;39m[31m2024-04-04 13:18:33,886[0;39m [32m[INFO][0;39m org.springframework.data.repository.config.RepositoryConfigurationDelegate restartedMain [32mFinished Spring Data repository scanning in 10 ms. Found 0 JDBC repository interfaces.
[0;39m[31m2024-04-04 13:18:34,961[0;39m [32m[INFO][0;39m org.springframework.boot.web.embedded.tomcat.TomcatWebServer restartedMain [32mTomcat initialized with port(s): 8082 (http)
[0;39m[31m2024-04-04 13:18:34,979[0;39m [32m[INFO][0;39m org.apache.catalina.core.StandardService restartedMain [32mStarting service [Tomcat]
[0;39m[31m2024-04-04 13:18:34,979[0;39m [32m[INFO][0;39m org.apache.catalina.core.StandardEngine restartedMain [32mStarting Servlet engine: [Apache Tomcat/9.0.73]
[0;39m[31m2024-04-04 13:18:35,080[0;39m [32m[INFO][0;39m org.apache.catalina.core.ContainerBase.[Tomcat].[localhost].[/] restartedMain [32mInitializing Spring embedded WebApplicationContext
[0;39m[31m2024-04-04 13:18:35,080[0;39m [32m[INFO][0;39m org.springframework.boot.web.servlet.context.ServletWebServerApplicationContext restartedMain [32mRoot WebApplicationContext: initialization completed in 1928 ms
[0;39m[31m2024-04-04 13:18:36,059[0;39m [32m[INFO][0;39m com.zaxxer.hikari.HikariDataSource restartedMain [32mHikariPool-1 - Starting...
[0;39m[31m2024-04-04 13:18:36,067[0;39m [32m[WARN][0;39m com.zaxxer.hikari.util.DriverDataSource restartedMain [32mRegistered driver with driverClassName=oracle.jdbc.driver.OracleDriver was not found, trying direct instantiation.
[0;39m[31m2024-04-04 13:18:36,599[0;39m [32m[INFO][0;39m com.zaxxer.hikari.HikariDataSource restartedMain [32mHikariPool-1 - Start completed.
[0;39m[31m2024-04-04 13:18:36,751[0;39m [32m[INFO][0;39m org.springframework.boot.devtools.autoconfigure.OptionalLiveReloadServer restartedMain [32mLiveReload server is running on port 35729
[0;39m[31m2024-04-04 13:18:36,795[0;39m [32m[INFO][0;39m org.springframework.boot.web.embedded.tomcat.TomcatWebServer restartedMain [32mTomcat started on port(s): 8082 (http) with context path ''
[0;39m[31m2024-04-04 13:18:36,817[0;39m [32m[INFO][0;39m layer.dao.DaoApplication restartedMain [32mStarted DaoApplication in 4.184 seconds (JVM running for 4.784)
[0;39m[31m2024-04-04 13:18:51,782[0;39m [32m[INFO][0;39m com.zaxxer.hikari.HikariDataSource SpringApplicationShutdownHook [32mHikariPool-1 - Shutdown initiated...
[0;39m[31m2024-04-04 13:18:51,793[0;39m [32m[INFO][0;39m com.zaxxer.hikari.HikariDataSource SpringApplicationShutdownHook [32mHikariPool-1 - Shutdown completed.
[0;39m[31m2024-04-04 13:19:04,389[0;39m [32m[INFO][0;39m layer.dao.DaoApplicationTests main [32mStarting DaoApplicationTests using Java 1.8.0_202 on SRDB with PID 14868 (started by SRDB in D:\Course backups\Java\DLithe2024Feb-Corporate-TietoEvry\DLTE-Java Full Stack Development - Razak Mohamed\DLTE-Spring-Framework\dao\dao)
[0;39m[31m2024-04-04 13:19:04,390[0;39m [32m[DEBUG][0;39m layer.dao.DaoApplicationTests main [32mRunning with Spring Boot v2.7.10, Spring v5.3.26
[0;39m[31m2024-04-04 13:19:04,391[0;39m [32m[INFO][0;39m layer.dao.DaoApplicationTests main [32mNo active profile set, falling back to 1 default profile: "default"
[0;39m[31m2024-04-04 13:19:05,080[0;39m [32m[INFO][0;39m org.springframework.data.repository.config.RepositoryConfigurationDelegate main [32mBootstrapping Spring Data JDBC repositories in DEFAULT mode.
[0;39m[31m2024-04-04 13:19:05,091[0;39m [32m[INFO][0;39m org.springframework.data.repository.config.RepositoryConfigurationDelegate main [32mFinished Spring Data repository scanning in 6 ms. Found 0 JDBC repository interfaces.
[0;39m[31m2024-04-04 13:19:06,517[0;39m [32m[INFO][0;39m com.zaxxer.hikari.HikariDataSource main [32mHikariPool-1 - Starting...
[0;39m[31m2024-04-04 13:19:06,523[0;39m [32m[WARN][0;39m com.zaxxer.hikari.util.DriverDataSource main [32mRegistered driver with driverClassName=oracle.jdbc.driver.OracleDriver was not found, trying direct instantiation.
[0;39m[31m2024-04-04 13:19:07,296[0;39m [32m[INFO][0;39m com.zaxxer.hikari.HikariDataSource main [32mHikariPool-1 - Start completed.
[0;39m[31m2024-04-04 13:19:07,587[0;39m [32m[INFO][0;39m layer.dao.DaoApplicationTests main [32mStarted DaoApplicationTests in 3.498 seconds (JVM running for 4.416)
[0;39m[31m2024-04-04 13:19:07,918[0;39m [32m[INFO][0;39m com.zaxxer.hikari.HikariDataSource SpringApplicationShutdownHook [32mHikariPool-1 - Shutdown initiated...
[0;39m[31m2024-04-04 13:19:07,935[0;39m [32m[INFO][0;39m com.zaxxer.hikari.HikariDataSource SpringApplicationShutdownHook [32mHikariPool-1 - Shutdown completed.
[0;39m[31m2024-04-04 13:22:29,249[0;39m [32m[INFO][0;39m layer.dao.DaoApplicationTests main [32mStarting DaoApplicationTests using Java 1.8.0_202 on SRDB with PID 3280 (started by SRDB in D:\Course backups\Java\DLithe2024Feb-Corporate-TietoEvry\DLTE-Java Full Stack Development - Razak Mohamed\DLTE-Spring-Framework\dao\dao)
[0;39m[31m2024-04-04 13:22:29,250[0;39m [32m[DEBUG][0;39m layer.dao.DaoApplicationTests main [32mRunning with Spring Boot v2.7.10, Spring v5.3.26
[0;39m[31m2024-04-04 13:22:29,250[0;39m [32m[INFO][0;39m layer.dao.DaoApplicationTests main [32mNo active profile set, falling back to 1 default profile: "default"
[0;39m[31m2024-04-04 13:22:30,042[0;39m [32m[INFO][0;39m org.springframework.data.repository.config.RepositoryConfigurationDelegate main [32mBootstrapping Spring Data JDBC repositories in DEFAULT mode.
[0;39m[31m2024-04-04 13:22:30,062[0;39m [32m[INFO][0;39m org.springframework.data.repository.config.RepositoryConfigurationDelegate main [32mFinished Spring Data repository scanning in 15 ms. Found 0 JDBC repository interfaces.
[0;39m[31m2024-04-04 13:22:31,678[0;39m [32m[INFO][0;39m com.zaxxer.hikari.HikariDataSource main [32mHikariPool-1 - Starting...
[0;39m[31m2024-04-04 13:22:31,683[0;39m [32m[WARN][0;39m com.zaxxer.hikari.util.DriverDataSource main [32mRegistered driver with driverClassName=oracle.jdbc.driver.OracleDriver was not found, trying direct instantiation.
[0;39m[31m2024-04-04 13:22:32,074[0;39m [32m[INFO][0;39m com.zaxxer.hikari.pool.PoolBase main [32mHikariPool-1 - Driver does not support get/set network timeout for connections. (oracle.jdbc.driver.T4CConnection.getNetworkTimeout()I)
[0;39m[31m2024-04-04 13:22:32,077[0;39m [32m[INFO][0;39m com.zaxxer.hikari.HikariDataSource main [32mHikariPool-1 - Start completed.
[0;39m[31m2024-04-04 13:22:32,411[0;39m [32m[INFO][0;39m layer.dao.DaoApplicationTests main [32mStarted DaoApplicationTests in 3.472 seconds (JVM running for 4.435)
[0;39m[31m2024-04-04 13:22:32,840[0;39m [32m[INFO][0;39m com.zaxxer.hikari.HikariDataSource SpringApplicationShutdownHook [32mHikariPool-1 - Shutdown initiated...
[0;39m[31m2024-04-04 13:22:32,855[0;39m [32m[INFO][0;39m com.zaxxer.hikari.HikariDataSource SpringApplicationShutdownHook [32mHikariPool-1 - Shutdown completed.
[0;39m[31m2024-04-04 13:29:17,934[0;39m [32m[INFO][0;39m layer.dao.DaoApplicationTests main [32mStarting DaoApplicationTests using Java 1.8.0_202 on SRDB with PID 11676 (started by SRDB in D:\Course backups\Java\DLithe2024Feb-Corporate-TietoEvry\DLTE-Java Full Stack Development - Razak Mohamed\DLTE-Spring-Framework\dao\dao)
[0;39m[31m2024-04-04 13:29:17,935[0;39m [32m[DEBUG][0;39m layer.dao.DaoApplicationTests main [32mRunning with Spring Boot v2.7.10, Spring v5.3.26
[0;39m[31m2024-04-04 13:29:17,936[0;39m [32m[INFO][0;39m layer.dao.DaoApplicationTests main [32mNo active profile set, falling back to 1 default profile: "default"
[0;39m[31m2024-04-04 13:29:18,671[0;39m [32m[INFO][0;39m org.springframework.data.repository.config.RepositoryConfigurationDelegate main [32mBootstrapping Spring Data JDBC repositories in DEFAULT mode.
[0;39m[31m2024-04-04 13:29:18,685[0;39m [32m[INFO][0;39m org.springframework.data.repository.config.RepositoryConfigurationDelegate main [32mFinished Spring Data repository scanning in 8 ms. Found 0 JDBC repository interfaces.
[0;39m[31m2024-04-04 13:29:20,101[0;39m [32m[INFO][0;39m com.zaxxer.hikari.HikariDataSource main [32mHikariPool-1 - Starting...
[0;39m[31m2024-04-04 13:29:20,105[0;39m [32m[WARN][0;39m com.zaxxer.hikari.util.DriverDataSource main [32mRegistered driver with driverClassName=oracle.jdbc.driver.OracleDriver was not found, trying direct instantiation.
[0;39m[31m2024-04-04 13:29:20,393[0;39m [32m[INFO][0;39m com.zaxxer.hikari.pool.PoolBase main [32mHikariPool-1 - Driver does not support get/set network timeout for connections. (oracle.jdbc.driver.T4CConnection.getNetworkTimeout()I)
[0;39m[31m2024-04-04 13:29:20,397[0;39m [32m[INFO][0;39m com.zaxxer.hikari.HikariDataSource main [32mHikariPool-1 - Start completed.
[0;39m[31m2024-04-04 13:29:20,626[0;39m [32m[INFO][0;39m layer.dao.DaoApplicationTests main [32mStarted DaoApplicationTests in 3.011 seconds (JVM running for 3.981)
[0;39m[31m2024-04-04 13:29:21,060[0;39m [32m[INFO][0;39m com.zaxxer.hikari.HikariDataSource SpringApplicationShutdownHook [32mHikariPool-1 - Shutdown initiated...
[0;39m[31m2024-04-04 13:29:21,076[0;39m [32m[INFO][0;39m com.zaxxer.hikari.HikariDataSource SpringApplicationShutdownHook [32mHikariPool-1 - Shutdown completed.
[0;39m[31m2024-04-04 14:07:15,419[0;39m [32m[INFO][0;39m layer.dao.DaoApplication restartedMain [32mStarting DaoApplication using Java 1.8.0_202 on SRDB with PID 16232 (D:\Course backups\Java\DLithe2024Feb-Corporate-TietoEvry\DLTE-Java Full Stack Development - Razak Mohamed\DLTE-Spring-Framework\dao\dao\target\classes started by SRDB in D:\Course backups\Java\DLithe2024Feb-Corporate-TietoEvry\DLTE-Java Full Stack Development - Razak Mohamed\DLTE-Spring-Framework\dao\dao)
[0;39m[31m2024-04-04 14:07:15,437[0;39m [32m[INFO][0;39m layer.dao.DaoApplication restartedMain [32mNo active profile set, falling back to 1 default profile: "default"
[0;39m[31m2024-04-04 14:07:15,501[0;39m [32m[INFO][0;39m org.springframework.boot.devtools.restart.ChangeableUrls restartedMain [32mThe Class-Path manifest attribute in C:\Users\ADMIN\.m2\repository\com\oracle\database\security\oraclepki\21.5.0.0\oraclepki-21.5.0.0.jar referenced one or more files that do not exist: file:/C:/Users/ADMIN/.m2/repository/com/oracle/database/security/oraclepki/21.5.0.0/osdt_core.jar,file:/C:/Users/ADMIN/.m2/repository/com/oracle/database/security/oraclepki/21.5.0.0/osdt_cert.jar,file:/C:/Users/ADMIN/.m2/repository/com/oracle/database/security/oraclepki/oracle.osdt/osdt_core.jar,file:/C:/Users/ADMIN/.m2/repository/com/oracle/database/security/oraclepki/oracle.osdt/osdt_cert.jar
[0;39m[31m2024-04-04 14:07:15,502[0;39m [32m[INFO][0;39m org.springframework.boot.devtools.env.DevToolsPropertyDefaultsPostProcessor restartedMain [32mDevtools property defaults active! Set 'spring.devtools.add-properties' to 'false' to disable
[0;39m[31m2024-04-04 14:07:15,502[0;39m [32m[INFO][0;39m org.springframework.boot.devtools.env.DevToolsPropertyDefaultsPostProcessor restartedMain [32mFor additional web related logging consider setting the 'logging.level.web' property to 'DEBUG'
[0;39m[31m2024-04-04 14:07:16,237[0;39m [32m[INFO][0;39m org.springframework.data.repository.config.RepositoryConfigurationDelegate restartedMain [32mBootstrapping Spring Data JDBC repositories in DEFAULT mode.
[0;39m[31m2024-04-04 14:07:16,251[0;39m [32m[INFO][0;39m org.springframework.data.repository.config.RepositoryConfigurationDelegate restartedMain [32mFinished Spring Data repository scanning in 8 ms. Found 0 JDBC repository interfaces.
[0;39m[31m2024-04-04 14:07:17,356[0;39m [32m[INFO][0;39m org.springframework.boot.web.embedded.tomcat.TomcatWebServer restartedMain [32mTomcat initialized with port(s): 8080 (http)
[0;39m[31m2024-04-04 14:07:17,370[0;39m [32m[INFO][0;39m org.apache.catalina.core.StandardService restartedMain [32mStarting service [Tomcat]
[0;39m[31m2024-04-04 14:07:17,371[0;39m [32m[INFO][0;39m org.apache.catalina.core.StandardEngine restartedMain [32mStarting Servlet engine: [Apache Tomcat/9.0.73]
[0;39m[31m2024-04-04 14:07:17,474[0;39m [32m[INFO][0;39m org.apache.catalina.core.ContainerBase.[Tomcat].[localhost].[/] restartedMain [32mInitializing Spring embedded WebApplicationContext
[0;39m[31m2024-04-04 14:07:17,474[0;39m [32m[INFO][0;39m org.springframework.boot.web.servlet.context.ServletWebServerApplicationContext restartedMain [32mRoot WebApplicationContext: initialization completed in 1972 ms
[0;39m[31m2024-04-04 14:07:18,175[0;39m [32m[INFO][0;39m com.zaxxer.hikari.HikariDataSource restartedMain [32mHikariPool-1 - Starting...
[0;39m[31m2024-04-04 14:07:18,179[0;39m [32m[WARN][0;39m com.zaxxer.hikari.util.DriverDataSource restartedMain [32mRegistered driver with driverClassName=oracle.jdbc.driver.OracleDriver was not found, trying direct instantiation.
[0;39m[31m2024-04-04 14:07:18,307[0;39m [32m[INFO][0;39m com.zaxxer.hikari.pool.PoolBase restartedMain [32mHikariPool-1 - Driver does not support get/set network timeout for connections. (oracle.jdbc.driver.T4CConnection.getNetworkTimeout()I)
[0;39m[31m2024-04-04 14:07:18,311[0;39m [32m[INFO][0;39m com.zaxxer.hikari.HikariDataSource restartedMain [32mHikariPool-1 - Start completed.
[0;39m[31m2024-04-04 14:07:18,527[0;39m [32m[INFO][0;39m org.springframework.boot.devtools.autoconfigure.OptionalLiveReloadServer restartedMain [32mLiveReload server is running on port 35729
[0;39m[31m2024-04-04 14:07:18,555[0;39m [32m[WARN][0;39m org.springframework.boot.web.servlet.context.AnnotationConfigServletWebServerApplicationContext restartedMain [32mException encountered during context initialization - cancelling refresh attempt: org.springframework.context.ApplicationContextException: Failed to start bean 'webServerStartStop'; nested exception is org.springframework.boot.web.server.PortInUseException: Port 8080 is already in use
[0;39m[31m2024-04-04 14:07:18,560[0;39m [32m[INFO][0;39m com.zaxxer.hikari.HikariDataSource restartedMain [32mHikariPool-1 - Shutdown initiated...
[0;39m[31m2024-04-04 14:07:18,580[0;39m [32m[INFO][0;39m com.zaxxer.hikari.HikariDataSource restartedMain [32mHikariPool-1 - Shutdown completed.
[0;39m[31m2024-04-04 14:07:18,585[0;39m [32m[INFO][0;39m org.apache.catalina.core.StandardService restartedMain [32mStopping service [Tomcat]
[0;39m[31m2024-04-04 14:07:18,598[0;39m [32m[INFO][0;39m org.springframework.boot.autoconfigure.logging.ConditionEvaluationReportLoggingListener restartedMain [32m

Error starting ApplicationContext. To display the conditions report re-run your application with 'debug' enabled.
[0;39m[31m2024-04-04 14:07:18,619[0;39m [32m[ERROR][0;39m org.springframework.boot.diagnostics.LoggingFailureAnalysisReporter restartedMain [32m

***************************
APPLICATION FAILED TO START
***************************

Description:

Web server failed to start. Port 8080 was already in use.

Action:

Identify and stop the process that's listening on port 8080 or configure this application to listen on another port.

[0;39m[31m2024-04-04 14:08:11,747[0;39m [32m[INFO][0;39m layer.dao.DaoApplicationTests main [32mStarting DaoApplicationTests using Java 1.8.0_202 on SRDB with PID 17000 (started by SRDB in D:\Course backups\Java\DLithe2024Feb-Corporate-TietoEvry\DLTE-Java Full Stack Development - Razak Mohamed\DLTE-Spring-Framework\dao\dao)
[0;39m[31m2024-04-04 14:08:11,748[0;39m [32m[INFO][0;39m layer.dao.DaoApplicationTests main [32mNo active profile set, falling back to 1 default profile: "default"
[0;39m[31m2024-04-04 14:08:12,183[0;39m [32m[INFO][0;39m org.springframework.data.repository.config.RepositoryConfigurationDelegate main [32mBootstrapping Spring Data JDBC repositories in DEFAULT mode.
[0;39m[31m2024-04-04 14:08:12,193[0;39m [32m[INFO][0;39m org.springframework.data.repository.config.RepositoryConfigurationDelegate main [32mFinished Spring Data repository scanning in 4 ms. Found 0 JDBC repository interfaces.
[0;39m[31m2024-04-04 14:08:12,673[0;39m [32m[INFO][0;39m com.zaxxer.hikari.HikariDataSource main [32mHikariPool-1 - Starting...
[0;39m[31m2024-04-04 14:08:12,679[0;39m [32m[WARN][0;39m com.zaxxer.hikari.util.DriverDataSource main [32mRegistered driver with driverClassName=oracle.jdbc.driver.OracleDriver was not found, trying direct instantiation.
[0;39m[31m2024-04-04 14:08:13,015[0;39m [32m[INFO][0;39m com.zaxxer.hikari.pool.PoolBase main [32mHikariPool-1 - Driver does not support get/set network timeout for connections. (oracle.jdbc.driver.T4CConnection.getNetworkTimeout()I)
[0;39m[31m2024-04-04 14:08:13,019[0;39m [32m[INFO][0;39m com.zaxxer.hikari.HikariDataSource main [32mHikariPool-1 - Start completed.
[0;39m[31m2024-04-04 14:08:13,248[0;39m [32m[INFO][0;39m layer.dao.DaoApplicationTests main [32mStarted DaoApplicationTests in 1.801 seconds (JVM running for 2.713)
[0;39m[31m2024-04-04 14:08:13,656[0;39m [32m[INFO][0;39m com.zaxxer.hikari.HikariDataSource SpringApplicationShutdownHook [32mHikariPool-1 - Shutdown initiated...
[0;39m[31m2024-04-04 14:08:13,665[0;39m [32m[INFO][0;39m com.zaxxer.hikari.HikariDataSource SpringApplicationShutdownHook [32mHikariPool-1 - Shutdown completed.
[0;39m[31m2024-04-04 15:00:49,338[0;39m [32m[INFO][0;39m layer.dao.DaoApplicationTests main [32mStarting DaoApplicationTests using Java 1.8.0_202 on SRDB with PID 14588 (started by SRDB in D:\Course backups\Java\DLithe2024Feb-Corporate-TietoEvry\DLTE-Java Full Stack Development - Razak Mohamed\DLTE-Spring-Framework\dao\dao)
[0;39m[31m2024-04-04 15:00:49,341[0;39m [32m[INFO][0;39m layer.dao.DaoApplicationTests main [32mNo active profile set, falling back to 1 default profile: "default"
[0;39m[31m2024-04-04 15:00:49,795[0;39m [32m[INFO][0;39m org.springframework.data.repository.config.RepositoryConfigurationDelegate main [32mBootstrapping Spring Data JDBC repositories in DEFAULT mode.
[0;39m[31m2024-04-04 15:00:49,806[0;39m [32m[INFO][0;39m org.springframework.data.repository.config.RepositoryConfigurationDelegate main [32mFinished Spring Data repository scanning in 6 ms. Found 0 JDBC repository interfaces.
[0;39m[31m2024-04-04 15:00:50,352[0;39m [32m[INFO][0;39m com.zaxxer.hikari.HikariDataSource main [32mHikariPool-1 - Starting...
[0;39m[31m2024-04-04 15:00:50,357[0;39m [32m[WARN][0;39m com.zaxxer.hikari.util.DriverDataSource main [32mRegistered driver with driverClassName=oracle.jdbc.driver.OracleDriver was not found, trying direct instantiation.
[0;39m[31m2024-04-04 15:00:50,648[0;39m [32m[INFO][0;39m com.zaxxer.hikari.pool.PoolBase main [32mHikariPool-1 - Driver does not support get/set network timeout for connections. (oracle.jdbc.driver.T4CConnection.getNetworkTimeout()I)
[0;39m[31m2024-04-04 15:00:50,651[0;39m [32m[INFO][0;39m com.zaxxer.hikari.HikariDataSource main [32mHikariPool-1 - Start completed.
[0;39m[31m2024-04-04 15:00:50,835[0;39m [32m[INFO][0;39m layer.dao.DaoApplicationTests main [32mStarted DaoApplicationTests in 1.808 seconds (JVM running for 2.693)
[0;39m[31m2024-04-04 15:00:51,239[0;39m [32m[INFO][0;39m com.zaxxer.hikari.HikariDataSource SpringApplicationShutdownHook [32mHikariPool-1 - Shutdown initiated...
[0;39m[31m2024-04-04 15:00:51,263[0;39m [32m[INFO][0;39m com.zaxxer.hikari.HikariDataSource SpringApplicationShutdownHook [32mHikariPool-1 - Shutdown completed.
[0;39m