[31m2024-04-25 10:43:18,378[0;39m [32m[INFO][0;39m soap.rest.wsdl.thyme.DlteSpring008BothApplicationTests main [32mStarting DlteSpring008BothApplicationTests using Java 1.8.0_202 on SRDB with PID 9380 (started by SRDB in D:\Course backups\Java\DLithe2024Feb-Corporate-TietoEvry\DLTE-Java Full Stack Development - Razak Mohamed\DLTE-Spring-Framework\DLTE-Spring-008-Both)
[0;39m[31m2024-04-25 10:43:18,390[0;39m [32m[DEBUG][0;39m soap.rest.wsdl.thyme.DlteSpring008BothApplicationTests main [32mRunning with Spring Boot v2.7.10, Spring v5.3.26
[0;39m[31m2024-04-25 10:43:18,410[0;39m [32m[INFO][0;39m soap.rest.wsdl.thyme.DlteSpring008BothApplicationTests main [32mNo active profile set, falling back to 1 default profile: "default"
[0;39m[31m2024-04-25 10:43:19,626[0;39m [32m[INFO][0;39m org.springframework.data.repository.config.RepositoryConfigurationDelegate main [32mBootstrapping Spring Data JDBC repositories in DEFAULT mode.
[0;39m[31m2024-04-25 10:43:19,645[0;39m [32m[INFO][0;39m org.springframework.data.repository.config.RepositoryConfigurationDelegate main [32mFinished Spring Data repository scanning in 12 ms. Found 0 JDBC repository interfaces.
[0;39m[31m2024-04-25 10:43:20,027[0;39m [32m[INFO][0;39m org.springframework.context.support.PostProcessorRegistrationDelegate$BeanPostProcessorChecker main [32mBean 'soapServiceConfiguration' of type [soap.rest.wsdl.thyme.SoapServiceConfiguration$$EnhancerBySpringCGLIB$$d242d35f] is not eligible for getting processed by all BeanPostProcessors (for example: not eligible for auto-proxying)
[0;39m[31m2024-04-25 10:43:20,029[0;39m [32m[INFO][0;39m org.springframework.context.support.PostProcessorRegistrationDelegate$BeanPostProcessorChecker main [32mBean 'org.springframework.ws.config.annotation.DelegatingWsConfiguration' of type [org.springframework.ws.config.annotation.DelegatingWsConfiguration$$EnhancerBySpringCGLIB$$6388f9c9] is not eligible for getting processed by all BeanPostProcessors (for example: not eligible for auto-proxying)
[0;39m[31m2024-04-25 10:43:20,127[0;39m [32m[INFO][0;39m org.springframework.ws.soap.addressing.server.AnnotationActionEndpointMapping main [32mSupporting [WS-Addressing August 2004, WS-Addressing 1.0]
[0;39m[31m2024-04-25 10:43:21,107[0;39m [32m[INFO][0;39m org.springframework.security.web.DefaultSecurityFilterChain main [32mWill secure any request with [org.springframework.security.web.session.DisableEncodeUrlFilter@45acdd11, org.springframework.security.web.context.request.async.WebAsyncManagerIntegrationFilter@3f0d6038, org.springframework.security.web.context.SecurityContextPersistenceFilter@623dcf2a, org.springframework.security.web.header.HeaderWriterFilter@80bfdc6, org.springframework.web.filter.CorsFilter@237f7970, org.springframework.security.web.authentication.logout.LogoutFilter@26cb5207, org.springframework.security.web.authentication.UsernamePasswordAuthenticationFilter@a9f023e, org.springframework.security.web.authentication.ui.DefaultLoginPageGeneratingFilter@5bc28f40, org.springframework.security.web.authentication.ui.DefaultLogoutPageGeneratingFilter@58f39564, org.springframework.security.web.authentication.www.BasicAuthenticationFilter@620c8641, org.springframework.security.web.savedrequest.RequestCacheAwareFilter@e84fb85, org.springframework.security.web.servletapi.SecurityContextHolderAwareRequestFilter@646c0a67, org.springframework.security.web.authentication.AnonymousAuthenticationFilter@7b948f3e, org.springframework.security.web.session.SessionManagementFilter@4c6007fb, org.springframework.security.web.access.ExceptionTranslationFilter@a66e580, org.springframework.security.web.access.intercept.FilterSecurityInterceptor@176996c3]
[0;39m[31m2024-04-25 10:43:23,941[0;39m [32m[INFO][0;39m com.zaxxer.hikari.HikariDataSource main [32mHikariPool-1 - Starting...
[0;39m[31m2024-04-25 10:43:23,965[0;39m [32m[WARN][0;39m com.zaxxer.hikari.util.DriverDataSource main [32mRegistered driver with driverClassName=oracle.jdbc.driver.OracleDriver was not found, trying direct instantiation.
[0;39m[31m2024-04-25 10:43:24,286[0;39m [32m[INFO][0;39m com.zaxxer.hikari.pool.PoolBase main [32mHikariPool-1 - Driver does not support get/set network timeout for connections. (oracle.jdbc.driver.T4CConnection.getNetworkTimeout()I)
[0;39m[31m2024-04-25 10:43:24,293[0;39m [32m[INFO][0;39m com.zaxxer.hikari.HikariDataSource main [32mHikariPool-1 - Start completed.
[0;39m[31m2024-04-25 10:43:25,279[0;39m [32m[INFO][0;39m soap.rest.wsdl.thyme.DlteSpring008BothApplicationTests main [32mStarted DlteSpring008BothApplicationTests in 7.695 seconds (JVM running for 9.027)
[0;39m[31m2024-04-25 10:43:25,831[0;39m [32m[INFO][0;39m com.zaxxer.hikari.HikariDataSource SpringApplicationShutdownHook [32mHikariPool-1 - Shutdown initiated...
[0;39m[31m2024-04-25 10:43:25,859[0;39m [32m[INFO][0;39m com.zaxxer.hikari.HikariDataSource SpringApplicationShutdownHook [32mHikariPool-1 - Shutdown completed.
[0;39m[31m2024-04-25 10:44:19,696[0;39m [32m[INFO][0;39m soap.rest.wsdl.thyme.DlteSpring008BothApplication restartedMain [32mStarting DlteSpring008BothApplication using Java 1.8.0_202 on SRDB with PID 11960 (D:\Course backups\Java\DLithe2024Feb-Corporate-TietoEvry\DLTE-Java Full Stack Development - Razak Mohamed\DLTE-Spring-Framework\DLTE-Spring-008-Both\target\classes started by SRDB in D:\Course backups\Java\DLithe2024Feb-Corporate-TietoEvry\DLTE-Java Full Stack Development - Razak Mohamed\DLTE-Spring-Framework\DLTE-Spring-008-Both)
[0;39m[31m2024-04-25 10:44:19,696[0;39m [32m[DEBUG][0;39m soap.rest.wsdl.thyme.DlteSpring008BothApplication restartedMain [32mRunning with Spring Boot v2.7.10, Spring v5.3.26
[0;39m[31m2024-04-25 10:44:19,702[0;39m [32m[INFO][0;39m soap.rest.wsdl.thyme.DlteSpring008BothApplication restartedMain [32mNo active profile set, falling back to 1 default profile: "default"
[0;39m[31m2024-04-25 10:44:19,751[0;39m [32m[INFO][0;39m org.springframework.boot.devtools.restart.ChangeableUrls restartedMain [32mThe Class-Path manifest attribute in C:\Users\ADMIN\.m2\repository\com\oracle\database\security\oraclepki\21.5.0.0\oraclepki-21.5.0.0.jar referenced one or more files that do not exist: file:/C:/Users/ADMIN/.m2/repository/com/oracle/database/security/oraclepki/21.5.0.0/osdt_core.jar,file:/C:/Users/ADMIN/.m2/repository/com/oracle/database/security/oraclepki/21.5.0.0/osdt_cert.jar,file:/C:/Users/ADMIN/.m2/repository/com/oracle/database/security/oraclepki/oracle.osdt/osdt_core.jar,file:/C:/Users/ADMIN/.m2/repository/com/oracle/database/security/oraclepki/oracle.osdt/osdt_cert.jar
[0;39m[31m2024-04-25 10:44:19,752[0;39m [32m[INFO][0;39m org.springframework.boot.devtools.env.DevToolsPropertyDefaultsPostProcessor restartedMain [32mDevtools property defaults active! Set 'spring.devtools.add-properties' to 'false' to disable
[0;39m[31m2024-04-25 10:44:19,752[0;39m [32m[INFO][0;39m org.springframework.boot.devtools.env.DevToolsPropertyDefaultsPostProcessor restartedMain [32mFor additional web related logging consider setting the 'logging.level.web' property to 'DEBUG'
[0;39m[31m2024-04-25 10:44:20,470[0;39m [32m[INFO][0;39m org.springframework.data.repository.config.RepositoryConfigurationDelegate restartedMain [32mBootstrapping Spring Data JDBC repositories in DEFAULT mode.
[0;39m[31m2024-04-25 10:44:20,483[0;39m [32m[INFO][0;39m org.springframework.data.repository.config.RepositoryConfigurationDelegate restartedMain [32mFinished Spring Data repository scanning in 8 ms. Found 0 JDBC repository interfaces.
[0;39m[31m2024-04-25 10:44:20,677[0;39m [32m[INFO][0;39m org.springframework.context.support.PostProcessorRegistrationDelegate$BeanPostProcessorChecker restartedMain [32mBean 'soapServiceConfiguration' of type [soap.rest.wsdl.thyme.SoapServiceConfiguration$$EnhancerBySpringCGLIB$$d4f4b30b] is not eligible for getting processed by all BeanPostProcessors (for example: not eligible for auto-proxying)
[0;39m[31m2024-04-25 10:44:20,678[0;39m [32m[INFO][0;39m org.springframework.context.support.PostProcessorRegistrationDelegate$BeanPostProcessorChecker restartedMain [32mBean 'org.springframework.ws.config.annotation.DelegatingWsConfiguration' of type [org.springframework.ws.config.annotation.DelegatingWsConfiguration$$EnhancerBySpringCGLIB$$663ad975] is not eligible for getting processed by all BeanPostProcessors (for example: not eligible for auto-proxying)
[0;39m[31m2024-04-25 10:44:20,774[0;39m [32m[INFO][0;39m org.springframework.ws.soap.addressing.server.AnnotationActionEndpointMapping restartedMain [32mSupporting [WS-Addressing August 2004, WS-Addressing 1.0]
[0;39m[31m2024-04-25 10:44:21,114[0;39m [32m[INFO][0;39m org.springframework.boot.web.embedded.tomcat.TomcatWebServer restartedMain [32mTomcat initialized with port(s): 8082 (http)
[0;39m[31m2024-04-25 10:44:21,120[0;39m [32m[INFO][0;39m org.apache.catalina.core.StandardService restartedMain [32mStarting service [Tomcat]
[0;39m[31m2024-04-25 10:44:21,120[0;39m [32m[INFO][0;39m org.apache.catalina.core.StandardEngine restartedMain [32mStarting Servlet engine: [Apache Tomcat/9.0.73]
[0;39m[31m2024-04-25 10:44:21,218[0;39m [32m[INFO][0;39m org.apache.catalina.core.ContainerBase.[Tomcat].[localhost].[/] restartedMain [32mInitializing Spring embedded WebApplicationContext
[0;39m[31m2024-04-25 10:44:21,218[0;39m [32m[INFO][0;39m org.springframework.boot.web.servlet.context.ServletWebServerApplicationContext restartedMain [32mRoot WebApplicationContext: initialization completed in 1465 ms
[0;39m[31m2024-04-25 10:44:21,447[0;39m [32m[INFO][0;39m org.springframework.security.web.DefaultSecurityFilterChain restartedMain [32mWill secure any request with [org.springframework.security.web.session.DisableEncodeUrlFilter@189c5093, org.springframework.security.web.context.request.async.WebAsyncManagerIntegrationFilter@48de19a6, org.springframework.security.web.context.SecurityContextPersistenceFilter@247d7952, org.springframework.security.web.header.HeaderWriterFilter@effbfd4, org.springframework.web.filter.CorsFilter@5d499562, org.springframework.security.web.authentication.logout.LogoutFilter@1a1e868c, org.springframework.security.web.authentication.UsernamePasswordAuthenticationFilter@3514f127, org.springframework.security.web.authentication.ui.DefaultLoginPageGeneratingFilter@6adc4108, org.springframework.security.web.authentication.ui.DefaultLogoutPageGeneratingFilter@510b9938, org.springframework.security.web.authentication.www.BasicAuthenticationFilter@2f44c0ff, org.springframework.security.web.savedrequest.RequestCacheAwareFilter@380fb2e8, org.springframework.security.web.servletapi.SecurityContextHolderAwareRequestFilter@5b3f208f, org.springframework.security.web.authentication.AnonymousAuthenticationFilter@2be94342, org.springframework.security.web.session.SessionManagementFilter@6047ea2a, org.springframework.security.web.access.ExceptionTranslationFilter@75b31f6e, org.springframework.security.web.access.intercept.FilterSecurityInterceptor@6e66df8e]
[0;39m[31m2024-04-25 10:44:22,204[0;39m [32m[INFO][0;39m com.zaxxer.hikari.HikariDataSource restartedMain [32mHikariPool-1 - Starting...
[0;39m[31m2024-04-25 10:44:22,205[0;39m [32m[WARN][0;39m com.zaxxer.hikari.util.DriverDataSource restartedMain [32mRegistered driver with driverClassName=oracle.jdbc.driver.OracleDriver was not found, trying direct instantiation.
[0;39m[31m2024-04-25 10:44:22,273[0;39m [32m[INFO][0;39m com.zaxxer.hikari.pool.PoolBase restartedMain [32mHikariPool-1 - Driver does not support get/set network timeout for connections. (oracle.jdbc.driver.T4CConnection.getNetworkTimeout()I)
[0;39m[31m2024-04-25 10:44:22,275[0;39m [32m[INFO][0;39m com.zaxxer.hikari.HikariDataSource restartedMain [32mHikariPool-1 - Start completed.
[0;39m[31m2024-04-25 10:44:22,377[0;39m [32m[INFO][0;39m org.springframework.boot.devtools.autoconfigure.OptionalLiveReloadServer restartedMain [32mLiveReload server is running on port 35729
[0;39m[31m2024-04-25 10:44:22,424[0;39m [32m[INFO][0;39m org.springframework.boot.web.embedded.tomcat.TomcatWebServer restartedMain [32mTomcat started on port(s): 8082 (http) with context path ''
[0;39m[31m2024-04-25 10:44:22,448[0;39m [32m[INFO][0;39m soap.rest.wsdl.thyme.DlteSpring008BothApplication restartedMain [32mStarted DlteSpring008BothApplication in 3.149 seconds (JVM running for 3.985)
[0;39m[31m2024-04-25 10:44:27,412[0;39m [32m[INFO][0;39m org.apache.catalina.core.ContainerBase.[Tomcat].[localhost].[/] http-nio-8082-exec-1 [32mInitializing Spring DispatcherServlet 'dispatcherServlet'
[0;39m[31m2024-04-25 10:44:27,413[0;39m [32m[INFO][0;39m org.springframework.web.servlet.DispatcherServlet http-nio-8082-exec-1 [32mInitializing Servlet 'dispatcherServlet'
[0;39m[31m2024-04-25 10:44:27,417[0;39m [32m[INFO][0;39m org.springframework.web.servlet.DispatcherServlet http-nio-8082-exec-1 [32mCompleted initialization in 3 ms
[0;39m[31m2024-04-25 10:44:53,023[0;39m [32m[INFO][0;39m com.zaxxer.hikari.HikariDataSource SpringApplicationShutdownHook [32mHikariPool-1 - Shutdown initiated...
[0;39m[31m2024-04-25 10:44:53,030[0;39m [32m[INFO][0;39m com.zaxxer.hikari.HikariDataSource SpringApplicationShutdownHook [32mHikariPool-1 - Shutdown completed.
[0;39m[31m2024-04-25 10:46:24,517[0;39m [32m[INFO][0;39m soap.rest.wsdl.thyme.DlteSpring008BothApplication restartedMain [32mStarting DlteSpring008BothApplication using Java 1.8.0_202 on SRDB with PID 13336 (D:\Course backups\Java\DLithe2024Feb-Corporate-TietoEvry\DLTE-Java Full Stack Development - Razak Mohamed\DLTE-Spring-Framework\DLTE-Spring-008-Both\target\classes started by SRDB in D:\Course backups\Java\DLithe2024Feb-Corporate-TietoEvry\DLTE-Java Full Stack Development - Razak Mohamed\DLTE-Spring-Framework\DLTE-Spring-008-Both)
[0;39m[31m2024-04-25 10:46:24,524[0;39m [32m[DEBUG][0;39m soap.rest.wsdl.thyme.DlteSpring008BothApplication restartedMain [32mRunning with Spring Boot v2.7.10, Spring v5.3.26
[0;39m[31m2024-04-25 10:46:24,525[0;39m [32m[INFO][0;39m soap.rest.wsdl.thyme.DlteSpring008BothApplication restartedMain [32mNo active profile set, falling back to 1 default profile: "default"
[0;39m[31m2024-04-25 10:46:24,583[0;39m [32m[INFO][0;39m org.springframework.boot.devtools.restart.ChangeableUrls restartedMain [32mThe Class-Path manifest attribute in C:\Users\ADMIN\.m2\repository\com\oracle\database\security\oraclepki\21.5.0.0\oraclepki-21.5.0.0.jar referenced one or more files that do not exist: file:/C:/Users/ADMIN/.m2/repository/com/oracle/database/security/oraclepki/21.5.0.0/osdt_core.jar,file:/C:/Users/ADMIN/.m2/repository/com/oracle/database/security/oraclepki/21.5.0.0/osdt_cert.jar,file:/C:/Users/ADMIN/.m2/repository/com/oracle/database/security/oraclepki/oracle.osdt/osdt_core.jar,file:/C:/Users/ADMIN/.m2/repository/com/oracle/database/security/oraclepki/oracle.osdt/osdt_cert.jar
[0;39m[31m2024-04-25 10:46:24,584[0;39m [32m[INFO][0;39m org.springframework.boot.devtools.env.DevToolsPropertyDefaultsPostProcessor restartedMain [32mDevtools property defaults active! Set 'spring.devtools.add-properties' to 'false' to disable
[0;39m[31m2024-04-25 10:46:24,584[0;39m [32m[INFO][0;39m org.springframework.boot.devtools.env.DevToolsPropertyDefaultsPostProcessor restartedMain [32mFor additional web related logging consider setting the 'logging.level.web' property to 'DEBUG'
[0;39m[31m2024-04-25 10:46:25,602[0;39m [32m[INFO][0;39m org.springframework.data.repository.config.RepositoryConfigurationDelegate restartedMain [32mBootstrapping Spring Data JDBC repositories in DEFAULT mode.
[0;39m[31m2024-04-25 10:46:25,618[0;39m [32m[INFO][0;39m org.springframework.data.repository.config.RepositoryConfigurationDelegate restartedMain [32mFinished Spring Data repository scanning in 10 ms. Found 0 JDBC repository interfaces.
[0;39m[31m2024-04-25 10:46:26,083[0;39m [32m[INFO][0;39m org.springframework.context.support.PostProcessorRegistrationDelegate$BeanPostProcessorChecker restartedMain [32mBean 'soapServiceConfiguration' of type [soap.rest.wsdl.thyme.SoapServiceConfiguration$$EnhancerBySpringCGLIB$$2222f3cf] is not eligible for getting processed by all BeanPostProcessors (for example: not eligible for auto-proxying)
[0;39m[31m2024-04-25 10:46:26,084[0;39m [32m[INFO][0;39m org.springframework.context.support.PostProcessorRegistrationDelegate$BeanPostProcessorChecker restartedMain [32mBean 'org.springframework.ws.config.annotation.DelegatingWsConfiguration' of type [org.springframework.ws.config.annotation.DelegatingWsConfiguration$$EnhancerBySpringCGLIB$$b3691a39] is not eligible for getting processed by all BeanPostProcessors (for example: not eligible for auto-proxying)
[0;39m[31m2024-04-25 10:46:26,181[0;39m [32m[INFO][0;39m org.springframework.ws.soap.addressing.server.AnnotationActionEndpointMapping restartedMain [32mSupporting [WS-Addressing August 2004, WS-Addressing 1.0]
[0;39m[31m2024-04-25 10:46:26,604[0;39m [32m[INFO][0;39m org.springframework.boot.web.embedded.tomcat.TomcatWebServer restartedMain [32mTomcat initialized with port(s): 8082 (http)
[0;39m[31m2024-04-25 10:46:26,616[0;39m [32m[INFO][0;39m org.apache.catalina.core.StandardService restartedMain [32mStarting service [Tomcat]
[0;39m[31m2024-04-25 10:46:26,616[0;39m [32m[INFO][0;39m org.apache.catalina.core.StandardEngine restartedMain [32mStarting Servlet engine: [Apache Tomcat/9.0.73]
[0;39m[31m2024-04-25 10:46:26,733[0;39m [32m[INFO][0;39m org.apache.catalina.core.ContainerBase.[Tomcat].[localhost].[/] restartedMain [32mInitializing Spring embedded WebApplicationContext
[0;39m[31m2024-04-25 10:46:26,734[0;39m [32m[INFO][0;39m org.springframework.boot.web.servlet.context.ServletWebServerApplicationContext restartedMain [32mRoot WebApplicationContext: initialization completed in 2150 ms
[0;39m[31m2024-04-25 10:46:27,078[0;39m [32m[INFO][0;39m org.springframework.security.web.DefaultSecurityFilterChain restartedMain [32mWill secure any request with [org.springframework.security.web.session.DisableEncodeUrlFilter@7a4c141, org.springframework.security.web.context.request.async.WebAsyncManagerIntegrationFilter@587af0f1, org.springframework.security.web.context.SecurityContextPersistenceFilter@4dac4ba4, org.springframework.security.web.header.HeaderWriterFilter@4e3c7e13, org.springframework.web.filter.CorsFilter@728b3d4f, org.springframework.security.web.authentication.logout.LogoutFilter@65a84730, org.springframework.security.web.authentication.UsernamePasswordAuthenticationFilter@67764eeb, org.springframework.security.web.authentication.ui.DefaultLoginPageGeneratingFilter@14e0bb0, org.springframework.security.web.authentication.ui.DefaultLogoutPageGeneratingFilter@6d4af728, org.springframework.security.web.authentication.www.BasicAuthenticationFilter@7bb99f31, org.springframework.security.web.savedrequest.RequestCacheAwareFilter@184ef02b, org.springframework.security.web.servletapi.SecurityContextHolderAwareRequestFilter@3cbce174, org.springframework.security.web.authentication.AnonymousAuthenticationFilter@4c458d09, org.springframework.security.web.session.SessionManagementFilter@5b12082c, org.springframework.security.web.access.ExceptionTranslationFilter@51b07d54, org.springframework.security.web.access.intercept.FilterSecurityInterceptor@463d2052]
[0;39m[31m2024-04-25 10:46:28,244[0;39m [32m[INFO][0;39m com.zaxxer.hikari.HikariDataSource restartedMain [32mHikariPool-1 - Starting...
[0;39m[31m2024-04-25 10:46:28,247[0;39m [32m[WARN][0;39m com.zaxxer.hikari.util.DriverDataSource restartedMain [32mRegistered driver with driverClassName=oracle.jdbc.driver.OracleDriver was not found, trying direct instantiation.
[0;39m[31m2024-04-25 10:46:28,351[0;39m [32m[INFO][0;39m com.zaxxer.hikari.pool.PoolBase restartedMain [32mHikariPool-1 - Driver does not support get/set network timeout for connections. (oracle.jdbc.driver.T4CConnection.getNetworkTimeout()I)
[0;39m[31m2024-04-25 10:46:28,354[0;39m [32m[INFO][0;39m com.zaxxer.hikari.HikariDataSource restartedMain [32mHikariPool-1 - Start completed.
[0;39m[31m2024-04-25 10:46:28,522[0;39m [32m[INFO][0;39m org.springframework.boot.devtools.autoconfigure.OptionalLiveReloadServer restartedMain [32mLiveReload server is running on port 35729
[0;39m[31m2024-04-25 10:46:28,584[0;39m [32m[INFO][0;39m org.springframework.boot.web.embedded.tomcat.TomcatWebServer restartedMain [32mTomcat started on port(s): 8082 (http) with context path ''
[0;39m[31m2024-04-25 10:46:28,600[0;39m [32m[INFO][0;39m soap.rest.wsdl.thyme.DlteSpring008BothApplication restartedMain [32mStarted DlteSpring008BothApplication in 4.573 seconds (JVM running for 5.568)
[0;39m[31m2024-04-25 10:46:28,679[0;39m [32m[INFO][0;39m org.apache.catalina.core.ContainerBase.[Tomcat].[localhost].[/] http-nio-8082-exec-1 [32mInitializing Spring DispatcherServlet 'dispatcherServlet'
[0;39m[31m2024-04-25 10:46:28,679[0;39m [32m[INFO][0;39m org.springframework.web.servlet.DispatcherServlet http-nio-8082-exec-1 [32mInitializing Servlet 'dispatcherServlet'
[0;39m[31m2024-04-25 10:46:28,681[0;39m [32m[INFO][0;39m org.springframework.web.servlet.DispatcherServlet http-nio-8082-exec-1 [32mCompleted initialization in 2 ms
[0;39m[31m2024-04-25 10:46:37,381[0;39m [32m[ERROR][0;39m org.springframework.security.web.authentication.UsernamePasswordAuthenticationFilter http-nio-8082-exec-6 [32mAn internal error occurred while trying to authenticate the user.
[0;39morg.springframework.security.authentication.InternalAuthenticationServiceException: Incorrect result size: expected 1, actual 0
	at org.springframework.security.authentication.dao.DaoAuthenticationProvider.retrieveUser(DaoAuthenticationProvider.java:109)
	at org.springframework.security.authentication.dao.AbstractUserDetailsAuthenticationProvider.authenticate(AbstractUserDetailsAuthenticationProvider.java:133)
	at org.springframework.security.authentication.ProviderManager.authenticate(ProviderManager.java:182)
	at org.springframework.security.web.authentication.UsernamePasswordAuthenticationFilter.attemptAuthentication(UsernamePasswordAuthenticationFilter.java:85)
	at org.springframework.security.web.authentication.AbstractAuthenticationProcessingFilter.doFilter(AbstractAuthenticationProcessingFilter.java:227)
	at org.springframework.security.web.authentication.AbstractAuthenticationProcessingFilter.doFilter(AbstractAuthenticationProcessingFilter.java:217)
	at org.springframework.security.web.FilterChainProxy$VirtualFilterChain.doFilter(FilterChainProxy.java:346)
	at org.springframework.security.web.authentication.logout.LogoutFilter.doFilter(LogoutFilter.java:103)
	at org.springframework.security.web.authentication.logout.LogoutFilter.doFilter(LogoutFilter.java:89)
	at org.springframework.security.web.FilterChainProxy$VirtualFilterChain.doFilter(FilterChainProxy.java:346)
	at org.springframework.web.filter.CorsFilter.doFilterInternal(CorsFilter.java:91)
	at org.springframework.web.filter.OncePerRequestFilter.doFilter(OncePerRequestFilter.java:117)
	at org.springframework.security.web.FilterChainProxy$VirtualFilterChain.doFilter(FilterChainProxy.java:346)
	at org.springframework.security.web.header.HeaderWriterFilter.doHeadersAfter(HeaderWriterFilter.java:90)
	at org.springframework.security.web.header.HeaderWriterFilter.doFilterInternal(HeaderWriterFilter.java:75)
	at org.springframework.web.filter.OncePerRequestFilter.doFilter(OncePerRequestFilter.java:117)
	at org.springframework.security.web.FilterChainProxy$VirtualFilterChain.doFilter(FilterChainProxy.java:346)
	at org.springframework.security.web.context.SecurityContextPersistenceFilter.doFilter(SecurityContextPersistenceFilter.java:112)
	at org.springframework.security.web.context.SecurityContextPersistenceFilter.doFilter(SecurityContextPersistenceFilter.java:82)
	at org.springframework.security.web.FilterChainProxy$VirtualFilterChain.doFilter(FilterChainProxy.java:346)
	at org.springframework.security.web.context.request.async.WebAsyncManagerIntegrationFilter.doFilterInternal(WebAsyncManagerIntegrationFilter.java:55)
	at org.springframework.web.filter.OncePerRequestFilter.doFilter(OncePerRequestFilter.java:117)
	at org.springframework.security.web.FilterChainProxy$VirtualFilterChain.doFilter(FilterChainProxy.java:346)
	at org.springframework.security.web.session.DisableEncodeUrlFilter.doFilterInternal(DisableEncodeUrlFilter.java:42)
	at org.springframework.web.filter.OncePerRequestFilter.doFilter(OncePerRequestFilter.java:117)
	at org.springframework.security.web.FilterChainProxy$VirtualFilterChain.doFilter(FilterChainProxy.java:346)
	at org.springframework.security.web.FilterChainProxy.doFilterInternal(FilterChainProxy.java:221)
	at org.springframework.security.web.FilterChainProxy.doFilter(FilterChainProxy.java:186)
	at org.springframework.web.filter.DelegatingFilterProxy.invokeDelegate(DelegatingFilterProxy.java:354)
	at org.springframework.web.filter.DelegatingFilterProxy.doFilter(DelegatingFilterProxy.java:267)
	at org.apache.catalina.core.ApplicationFilterChain.internalDoFilter(ApplicationFilterChain.java:178)
	at org.apache.catalina.core.ApplicationFilterChain.doFilter(ApplicationFilterChain.java:153)
	at org.springframework.web.filter.RequestContextFilter.doFilterInternal(RequestContextFilter.java:100)
	at org.springframework.web.filter.OncePerRequestFilter.doFilter(OncePerRequestFilter.java:117)
	at org.apache.catalina.core.ApplicationFilterChain.internalDoFilter(ApplicationFilterChain.java:178)
	at org.apache.catalina.core.ApplicationFilterChain.doFilter(ApplicationFilterChain.java:153)
	at org.springframework.web.filter.FormContentFilter.doFilterInternal(FormContentFilter.java:93)
	at org.springframework.web.filter.OncePerRequestFilter.doFilter(OncePerRequestFilter.java:117)
	at org.apache.catalina.core.ApplicationFilterChain.internalDoFilter(ApplicationFilterChain.java:178)
	at org.apache.catalina.core.ApplicationFilterChain.doFilter(ApplicationFilterChain.java:153)
	at org.springframework.web.filter.CharacterEncodingFilter.doFilterInternal(CharacterEncodingFilter.java:201)
	at org.springframework.web.filter.OncePerRequestFilter.doFilter(OncePerRequestFilter.java:117)
	at org.apache.catalina.core.ApplicationFilterChain.internalDoFilter(ApplicationFilterChain.java:178)
	at org.apache.catalina.core.ApplicationFilterChain.doFilter(ApplicationFilterChain.java:153)
	at org.apache.catalina.core.StandardWrapperValve.invoke(StandardWrapperValve.java:167)
	at org.apache.catalina.core.StandardContextValve.invoke(StandardContextValve.java:90)
	at org.apache.catalina.authenticator.AuthenticatorBase.invoke(AuthenticatorBase.java:492)
	at org.apache.catalina.core.StandardHostValve.invoke(StandardHostValve.java:130)
	at org.apache.catalina.valves.ErrorReportValve.invoke(ErrorReportValve.java:93)
	at org.apache.catalina.core.StandardEngineValve.invoke(StandardEngineValve.java:74)
	at org.apache.catalina.connector.CoyoteAdapter.service(CoyoteAdapter.java:343)
	at org.apache.coyote.http11.Http11Processor.service(Http11Processor.java:389)
	at org.apache.coyote.AbstractProcessorLight.process(AbstractProcessorLight.java:63)
	at org.apache.coyote.AbstractProtocol$ConnectionHandler.process(AbstractProtocol.java:926)
	at org.apache.tomcat.util.net.NioEndpoint$SocketProcessor.doRun(NioEndpoint.java:1791)
	at org.apache.tomcat.util.net.SocketProcessorBase.run(SocketProcessorBase.java:49)
	at org.apache.tomcat.util.threads.ThreadPoolExecutor.runWorker(ThreadPoolExecutor.java:1191)
	at org.apache.tomcat.util.threads.ThreadPoolExecutor$Worker.run(ThreadPoolExecutor.java:659)
	at org.apache.tomcat.util.threads.TaskThread$WrappingRunnable.run(TaskThread.java:61)
	at java.lang.Thread.run(Thread.java:748)
Caused by: org.springframework.dao.EmptyResultDataAccessException: Incorrect result size: expected 1, actual 0
	at org.springframework.dao.support.DataAccessUtils.nullableSingleResult(DataAccessUtils.java:97)
	at org.springframework.jdbc.core.JdbcTemplate.queryForObject(JdbcTemplate.java:880)
	at soap.rest.wsdl.thyme.MyBankOfficialsService.findByUsername(MyBankOfficialsService.java:31)
	at soap.rest.wsdl.thyme.MyBankOfficialsService.loadUserByUsername(MyBankOfficialsService.java:50)
	at org.springframework.security.authentication.dao.DaoAuthenticationProvider.retrieveUser(DaoAuthenticationProvider.java:94)
	... 59 common frames omitted
[31m2024-04-25 10:47:16,892[0;39m [32m[INFO][0;39m com.zaxxer.hikari.HikariDataSource SpringApplicationShutdownHook [32mHikariPool-1 - Shutdown initiated...
[0;39m[31m2024-04-25 10:47:16,900[0;39m [32m[INFO][0;39m com.zaxxer.hikari.HikariDataSource SpringApplicationShutdownHook [32mHikariPool-1 - Shutdown completed.
[0;39m