[31m2024-04-30 08:44:49,938[0;39m [32m[INFO][0;39m elements.spring.explore.RestAPISecurityTest main [32mStarting RestAPISecurityTest using Java 1.8.0_202 on SRDB with PID 15064 (started by SRDB in D:\Course backups\Java\DLithe2024Feb-Corporate-TietoEvry\DLTE-Java Full Stack Development - Razak Mohamed\DLTE-Spring-Framework\DLTE-Spring-006-JDBC)
[0;39m[31m2024-04-30 08:44:50,080[0;39m [32m[INFO][0;39m elements.spring.explore.RestAPISecurityTest main [32mNo active profile set, falling back to 1 default profile: "default"
[0;39m[31m2024-04-30 08:44:51,468[0;39m [32m[INFO][0;39m org.springframework.data.repository.config.RepositoryConfigurationDelegate main [32mBootstrapping Spring Data JDBC repositories in DEFAULT mode.
[0;39m[31m2024-04-30 08:44:51,490[0;39m [32m[INFO][0;39m org.springframework.data.repository.config.RepositoryConfigurationDelegate main [32mFinished Spring Data repository scanning in 14 ms. Found 0 JDBC repository interfaces.
[0;39m[31m2024-04-30 08:44:54,204[0;39m [32m[INFO][0;39m org.springframework.security.web.DefaultSecurityFilterChain main [32mWill secure any request with [org.springframework.security.web.session.DisableEncodeUrlFilter@66a53104, org.springframework.security.web.context.request.async.WebAsyncManagerIntegrationFilter@6d229b1c, org.springframework.security.web.context.SecurityContextPersistenceFilter@79696332, org.springframework.security.web.header.HeaderWriterFilter@6361b799, org.springframework.security.web.authentication.logout.LogoutFilter@7e62cfa3, org.springframework.security.web.authentication.UsernamePasswordAuthenticationFilter@535b1ae6, org.springframework.security.web.authentication.www.BasicAuthenticationFilter@da28d03, org.springframework.security.web.savedrequest.RequestCacheAwareFilter@fe87ddd, org.springframework.security.web.servletapi.SecurityContextHolderAwareRequestFilter@7c281eb8, org.springframework.security.web.authentication.AnonymousAuthenticationFilter@6f825516, org.springframework.security.web.session.SessionManagementFilter@d919544, org.springframework.security.web.access.ExceptionTranslationFilter@36aab105, org.springframework.security.web.access.intercept.FilterSecurityInterceptor@58aa10f4]
[0;39m[31m2024-04-30 08:44:55,215[0;39m [32m[INFO][0;39m org.springframework.boot.autoconfigure.web.servlet.WelcomePageHandlerMapping main [32mAdding welcome page template: index
[0;39m[31m2024-04-30 08:44:58,152[0;39m [32m[INFO][0;39m com.zaxxer.hikari.HikariDataSource main [32mHikariPool-1 - Starting...
[0;39m[31m2024-04-30 08:44:58,168[0;39m [32m[WARN][0;39m com.zaxxer.hikari.util.DriverDataSource main [32mRegistered driver with driverClassName=oracle.jdbc.driver.OracleDriver was not found, trying direct instantiation.
[0;39m[31m2024-04-30 08:44:58,819[0;39m [32m[INFO][0;39m com.zaxxer.hikari.pool.PoolBase main [32mHikariPool-1 - Driver does not support get/set network timeout for connections. (oracle.jdbc.driver.T4CConnection.getNetworkTimeout()I)
[0;39m[31m2024-04-30 08:44:58,824[0;39m [32m[INFO][0;39m com.zaxxer.hikari.HikariDataSource main [32mHikariPool-1 - Start completed.
[0;39m[31m2024-04-30 08:44:59,908[0;39m [32m[INFO][0;39m org.springframework.boot.test.mock.web.SpringBootMockServletContext main [32mInitializing Spring TestDispatcherServlet ''
[0;39m[31m2024-04-30 08:44:59,908[0;39m [32m[INFO][0;39m org.springframework.test.web.servlet.TestDispatcherServlet main [32mInitializing Servlet ''
[0;39m[31m2024-04-30 08:44:59,910[0;39m [32m[INFO][0;39m org.springframework.test.web.servlet.TestDispatcherServlet main [32mCompleted initialization in 2 ms
[0;39m[31m2024-04-30 08:44:59,978[0;39m [32m[INFO][0;39m elements.spring.explore.RestAPISecurityTest main [32mStarted RestAPISecurityTest in 10.731 seconds (JVM running for 12.99)
[0;39m[31m2024-04-30 08:45:01,933[0;39m [32m[INFO][0;39m com.zaxxer.hikari.HikariDataSource SpringApplicationShutdownHook [32mHikariPool-1 - Shutdown initiated...
[0;39m[31m2024-04-30 08:45:02,046[0;39m [32m[INFO][0;39m com.zaxxer.hikari.HikariDataSource SpringApplicationShutdownHook [32mHikariPool-1 - Shutdown completed.
[0;39m[31m2024-04-30 08:55:43,237[0;39m [32m[INFO][0;39m elements.spring.explore.EndpointTesting main [32mStarting EndpointTesting using Java 1.8.0_202 on SRDB with PID 12920 (started by SRDB in D:\Course backups\Java\DLithe2024Feb-Corporate-TietoEvry\DLTE-Java Full Stack Development - Razak Mohamed\DLTE-Spring-Framework\DLTE-Spring-006-JDBC)
[0;39m[31m2024-04-30 08:55:43,245[0;39m [32m[INFO][0;39m elements.spring.explore.EndpointTesting main [32mNo active profile set, falling back to 1 default profile: "default"
[0;39m[31m2024-04-30 08:55:44,640[0;39m [32m[INFO][0;39m org.springframework.data.repository.config.RepositoryConfigurationDelegate main [32mBootstrapping Spring Data JDBC repositories in DEFAULT mode.
[0;39m[31m2024-04-30 08:55:44,667[0;39m [32m[INFO][0;39m org.springframework.data.repository.config.RepositoryConfigurationDelegate main [32mFinished Spring Data repository scanning in 16 ms. Found 0 JDBC repository interfaces.
[0;39m[31m2024-04-30 08:55:46,982[0;39m [32m[INFO][0;39m org.springframework.security.web.DefaultSecurityFilterChain main [32mWill secure any request with [org.springframework.security.web.session.DisableEncodeUrlFilter@3a17b2e3, org.springframework.security.web.context.request.async.WebAsyncManagerIntegrationFilter@5e13f156, org.springframework.security.web.context.SecurityContextPersistenceFilter@322ba549, org.springframework.security.web.header.HeaderWriterFilter@3440e9cd, org.springframework.security.web.authentication.logout.LogoutFilter@6968bcec, org.springframework.security.web.authentication.UsernamePasswordAuthenticationFilter@75023c53, org.springframework.security.web.authentication.www.BasicAuthenticationFilter@7a9eccc4, org.springframework.security.web.savedrequest.RequestCacheAwareFilter@5416f8db, org.springframework.security.web.servletapi.SecurityContextHolderAwareRequestFilter@b0fd744, org.springframework.security.web.authentication.AnonymousAuthenticationFilter@310ed6b4, org.springframework.security.web.session.SessionManagementFilter@a09303, org.springframework.security.web.access.ExceptionTranslationFilter@51b77cdf, org.springframework.security.web.access.intercept.FilterSecurityInterceptor@2007435e]
[0;39m[31m2024-04-30 08:55:47,688[0;39m [32m[INFO][0;39m org.springframework.boot.autoconfigure.web.servlet.WelcomePageHandlerMapping main [32mAdding welcome page template: index
[0;39m[31m2024-04-30 08:55:49,032[0;39m [32m[INFO][0;39m com.zaxxer.hikari.HikariDataSource main [32mHikariPool-1 - Starting...
[0;39m[31m2024-04-30 08:55:49,065[0;39m [32m[WARN][0;39m com.zaxxer.hikari.util.DriverDataSource main [32mRegistered driver with driverClassName=oracle.jdbc.driver.OracleDriver was not found, trying direct instantiation.
[0;39m[31m2024-04-30 08:55:49,227[0;39m [32m[INFO][0;39m com.zaxxer.hikari.pool.PoolBase main [32mHikariPool-1 - Driver does not support get/set network timeout for connections. (oracle.jdbc.driver.T4CConnection.getNetworkTimeout()I)
[0;39m[31m2024-04-30 08:55:49,231[0;39m [32m[INFO][0;39m com.zaxxer.hikari.HikariDataSource main [32mHikariPool-1 - Start completed.
[0;39m[31m2024-04-30 08:55:49,715[0;39m [32m[INFO][0;39m org.springframework.boot.test.mock.web.SpringBootMockServletContext main [32mInitializing Spring TestDispatcherServlet ''
[0;39m[31m2024-04-30 08:55:49,715[0;39m [32m[INFO][0;39m org.springframework.test.web.servlet.TestDispatcherServlet main [32mInitializing Servlet ''
[0;39m[31m2024-04-30 08:55:49,716[0;39m [32m[INFO][0;39m org.springframework.test.web.servlet.TestDispatcherServlet main [32mCompleted initialization in 0 ms
[0;39m[31m2024-04-30 08:55:49,748[0;39m [32m[INFO][0;39m elements.spring.explore.EndpointTesting main [32mStarted EndpointTesting in 7.047 seconds (JVM running for 8.711)
[0;39m[31m2024-04-30 08:55:50,041[0;39m [32m[INFO][0;39m com.zaxxer.hikari.HikariDataSource SpringApplicationShutdownHook [32mHikariPool-1 - Shutdown initiated...
[0;39m[31m2024-04-30 08:55:50,097[0;39m [32m[INFO][0;39m com.zaxxer.hikari.HikariDataSource SpringApplicationShutdownHook [32mHikariPool-1 - Shutdown completed.
[0;39m[31m2024-04-30 08:56:47,203[0;39m [32m[INFO][0;39m elements.spring.explore.EndpointTesting main [32mStarting EndpointTesting using Java 1.8.0_202 on SRDB with PID 5644 (started by SRDB in D:\Course backups\Java\DLithe2024Feb-Corporate-TietoEvry\DLTE-Java Full Stack Development - Razak Mohamed\DLTE-Spring-Framework\DLTE-Spring-006-JDBC)
[0;39m[31m2024-04-30 08:56:47,203[0;39m [32m[INFO][0;39m elements.spring.explore.EndpointTesting main [32mNo active profile set, falling back to 1 default profile: "default"
[0;39m[31m2024-04-30 08:56:48,402[0;39m [32m[INFO][0;39m org.springframework.data.repository.config.RepositoryConfigurationDelegate main [32mBootstrapping Spring Data JDBC repositories in DEFAULT mode.
[0;39m[31m2024-04-30 08:56:48,417[0;39m [32m[INFO][0;39m org.springframework.data.repository.config.RepositoryConfigurationDelegate main [32mFinished Spring Data repository scanning in 10 ms. Found 0 JDBC repository interfaces.
[0;39m[31m2024-04-30 08:56:51,010[0;39m [32m[INFO][0;39m org.springframework.security.web.DefaultSecurityFilterChain main [32mWill secure any request with [org.springframework.security.web.session.DisableEncodeUrlFilter@630bf683, org.springframework.security.web.context.request.async.WebAsyncManagerIntegrationFilter@22d322f5, org.springframework.security.web.context.SecurityContextPersistenceFilter@b0fd744, org.springframework.security.web.header.HeaderWriterFilter@322ba549, org.springframework.security.web.authentication.logout.LogoutFilter@13c8ac77, org.springframework.security.web.authentication.UsernamePasswordAuthenticationFilter@5e13f156, org.springframework.security.web.authentication.www.BasicAuthenticationFilter@64942607, org.springframework.security.web.savedrequest.RequestCacheAwareFilter@6a1ef65c, org.springframework.security.web.servletapi.SecurityContextHolderAwareRequestFilter@726934e2, org.springframework.security.web.authentication.AnonymousAuthenticationFilter@65afeb6d, org.springframework.security.web.session.SessionManagementFilter@5416f8db, org.springframework.security.web.access.ExceptionTranslationFilter@2f10f633, org.springframework.security.web.access.intercept.FilterSecurityInterceptor@4d157493]
[0;39m[31m2024-04-30 08:56:51,851[0;39m [32m[INFO][0;39m org.springframework.boot.autoconfigure.web.servlet.WelcomePageHandlerMapping main [32mAdding welcome page template: index
[0;39m[31m2024-04-30 08:56:53,282[0;39m [32m[INFO][0;39m com.zaxxer.hikari.HikariDataSource main [32mHikariPool-1 - Starting...
[0;39m[31m2024-04-30 08:56:53,293[0;39m [32m[WARN][0;39m com.zaxxer.hikari.util.DriverDataSource main [32mRegistered driver with driverClassName=oracle.jdbc.driver.OracleDriver was not found, trying direct instantiation.
[0;39m[31m2024-04-30 08:56:53,510[0;39m [32m[INFO][0;39m com.zaxxer.hikari.pool.PoolBase main [32mHikariPool-1 - Driver does not support get/set network timeout for connections. (oracle.jdbc.driver.T4CConnection.getNetworkTimeout()I)
[0;39m[31m2024-04-30 08:56:53,516[0;39m [32m[INFO][0;39m com.zaxxer.hikari.HikariDataSource main [32mHikariPool-1 - Start completed.
[0;39m[31m2024-04-30 08:56:53,946[0;39m [32m[INFO][0;39m org.springframework.boot.test.mock.web.SpringBootMockServletContext main [32mInitializing Spring TestDispatcherServlet ''
[0;39m[31m2024-04-30 08:56:53,946[0;39m [32m[INFO][0;39m org.springframework.test.web.servlet.TestDispatcherServlet main [32mInitializing Servlet ''
[0;39m[31m2024-04-30 08:56:53,946[0;39m [32m[INFO][0;39m org.springframework.test.web.servlet.TestDispatcherServlet main [32mCompleted initialization in 0 ms
[0;39m[31m2024-04-30 08:56:53,978[0;39m [32m[INFO][0;39m elements.spring.explore.EndpointTesting main [32mStarted EndpointTesting in 7.173 seconds (JVM running for 8.607)
[0;39m[31m2024-04-30 08:56:54,567[0;39m [32m[INFO][0;39m com.zaxxer.hikari.HikariDataSource SpringApplicationShutdownHook [32mHikariPool-1 - Shutdown initiated...
[0;39m[31m2024-04-30 08:56:54,596[0;39m [32m[INFO][0;39m com.zaxxer.hikari.HikariDataSource SpringApplicationShutdownHook [32mHikariPool-1 - Shutdown completed.
[0;39m[31m2024-04-30 08:57:35,285[0;39m [32m[INFO][0;39m elements.spring.explore.EndpointTesting main [32mStarting EndpointTesting using Java 1.8.0_202 on SRDB with PID 2904 (started by SRDB in D:\Course backups\Java\DLithe2024Feb-Corporate-TietoEvry\DLTE-Java Full Stack Development - Razak Mohamed\DLTE-Spring-Framework\DLTE-Spring-006-JDBC)
[0;39m[31m2024-04-30 08:57:35,287[0;39m [32m[INFO][0;39m elements.spring.explore.EndpointTesting main [32mNo active profile set, falling back to 1 default profile: "default"
[0;39m[31m2024-04-30 08:57:36,306[0;39m [32m[INFO][0;39m org.springframework.data.repository.config.RepositoryConfigurationDelegate main [32mBootstrapping Spring Data JDBC repositories in DEFAULT mode.
[0;39m[31m2024-04-30 08:57:36,331[0;39m [32m[INFO][0;39m org.springframework.data.repository.config.RepositoryConfigurationDelegate main [32mFinished Spring Data repository scanning in 13 ms. Found 0 JDBC repository interfaces.
[0;39m[31m2024-04-30 08:57:38,245[0;39m [32m[INFO][0;39m org.springframework.security.web.DefaultSecurityFilterChain main [32mWill secure any request with [org.springframework.security.web.session.DisableEncodeUrlFilter@65afeb6d, org.springframework.security.web.context.request.async.WebAsyncManagerIntegrationFilter@6723610b, org.springframework.security.web.context.SecurityContextPersistenceFilter@6a1ef65c, org.springframework.security.web.header.HeaderWriterFilter@5416f8db, org.springframework.security.web.authentication.logout.LogoutFilter@4cad79bc, org.springframework.security.web.authentication.UsernamePasswordAuthenticationFilter@640cc04b, org.springframework.security.web.authentication.www.BasicAuthenticationFilter@7cfac39f, org.springframework.security.web.savedrequest.RequestCacheAwareFilter@726934e2, org.springframework.security.web.servletapi.SecurityContextHolderAwareRequestFilter@e280403, org.springframework.security.web.authentication.AnonymousAuthenticationFilter@5ba03c82, org.springframework.security.web.session.SessionManagementFilter@b0fd744, org.springframework.security.web.access.ExceptionTranslationFilter@3440e9cd, org.springframework.security.web.access.intercept.FilterSecurityInterceptor@37348491]
[0;39m[31m2024-04-30 08:57:38,954[0;39m [32m[INFO][0;39m org.springframework.boot.autoconfigure.web.servlet.WelcomePageHandlerMapping main [32mAdding welcome page template: index
[0;39m[31m2024-04-30 08:57:40,281[0;39m [32m[INFO][0;39m com.zaxxer.hikari.HikariDataSource main [32mHikariPool-1 - Starting...
[0;39m[31m2024-04-30 08:57:40,289[0;39m [32m[WARN][0;39m com.zaxxer.hikari.util.DriverDataSource main [32mRegistered driver with driverClassName=oracle.jdbc.driver.OracleDriver was not found, trying direct instantiation.
[0;39m[31m2024-04-30 08:57:40,477[0;39m [32m[INFO][0;39m com.zaxxer.hikari.pool.PoolBase main [32mHikariPool-1 - Driver does not support get/set network timeout for connections. (oracle.jdbc.driver.T4CConnection.getNetworkTimeout()I)
[0;39m[31m2024-04-30 08:57:40,483[0;39m [32m[INFO][0;39m com.zaxxer.hikari.HikariDataSource main [32mHikariPool-1 - Start completed.
[0;39m[31m2024-04-30 08:57:40,887[0;39m [32m[INFO][0;39m org.springframework.boot.test.mock.web.SpringBootMockServletContext main [32mInitializing Spring TestDispatcherServlet ''
[0;39m[31m2024-04-30 08:57:40,887[0;39m [32m[INFO][0;39m org.springframework.test.web.servlet.TestDispatcherServlet main [32mInitializing Servlet ''
[0;39m[31m2024-04-30 08:57:40,887[0;39m [32m[INFO][0;39m org.springframework.test.web.servlet.TestDispatcherServlet main [32mCompleted initialization in 0 ms
[0;39m[31m2024-04-30 08:57:40,928[0;39m [32m[INFO][0;39m elements.spring.explore.EndpointTesting main [32mStarted EndpointTesting in 6.042 seconds (JVM running for 7.315)
[0;39m[31m2024-04-30 08:57:41,486[0;39m [32m[INFO][0;39m com.zaxxer.hikari.HikariDataSource SpringApplicationShutdownHook [32mHikariPool-1 - Shutdown initiated...
[0;39m[31m2024-04-30 08:57:41,526[0;39m [32m[INFO][0;39m com.zaxxer.hikari.HikariDataSource SpringApplicationShutdownHook [32mHikariPool-1 - Shutdown completed.
[0;39m[31m2024-04-30 08:58:07,519[0;39m [32m[INFO][0;39m elements.spring.explore.EndpointTesting main [32mStarting EndpointTesting using Java 1.8.0_202 on SRDB with PID 20016 (started by SRDB in D:\Course backups\Java\DLithe2024Feb-Corporate-TietoEvry\DLTE-Java Full Stack Development - Razak Mohamed\DLTE-Spring-Framework\DLTE-Spring-006-JDBC)
[0;39m[31m2024-04-30 08:58:07,519[0;39m [32m[INFO][0;39m elements.spring.explore.EndpointTesting main [32mNo active profile set, falling back to 1 default profile: "default"
[0;39m[31m2024-04-30 08:58:08,604[0;39m [32m[INFO][0;39m org.springframework.data.repository.config.RepositoryConfigurationDelegate main [32mBootstrapping Spring Data JDBC repositories in DEFAULT mode.
[0;39m[31m2024-04-30 08:58:08,620[0;39m [32m[INFO][0;39m org.springframework.data.repository.config.RepositoryConfigurationDelegate main [32mFinished Spring Data repository scanning in 12 ms. Found 0 JDBC repository interfaces.
[0;39m[31m2024-04-30 08:58:10,457[0;39m [32m[INFO][0;39m org.springframework.security.web.DefaultSecurityFilterChain main [32mWill secure any request with [org.springframework.security.web.session.DisableEncodeUrlFilter@630bf683, org.springframework.security.web.context.request.async.WebAsyncManagerIntegrationFilter@22d322f5, org.springframework.security.web.context.SecurityContextPersistenceFilter@b0fd744, org.springframework.security.web.header.HeaderWriterFilter@322ba549, org.springframework.security.web.authentication.logout.LogoutFilter@13c8ac77, org.springframework.security.web.authentication.UsernamePasswordAuthenticationFilter@5e13f156, org.springframework.security.web.authentication.www.BasicAuthenticationFilter@64942607, org.springframework.security.web.savedrequest.RequestCacheAwareFilter@6a1ef65c, org.springframework.security.web.servletapi.SecurityContextHolderAwareRequestFilter@726934e2, org.springframework.security.web.authentication.AnonymousAuthenticationFilter@65afeb6d, org.springframework.security.web.session.SessionManagementFilter@5416f8db, org.springframework.security.web.access.ExceptionTranslationFilter@2f10f633, org.springframework.security.web.access.intercept.FilterSecurityInterceptor@4d157493]
[0;39m[31m2024-04-30 08:58:11,223[0;39m [32m[INFO][0;39m org.springframework.boot.autoconfigure.web.servlet.WelcomePageHandlerMapping main [32mAdding welcome page template: index
[0;39m[31m2024-04-30 08:58:12,532[0;39m [32m[INFO][0;39m com.zaxxer.hikari.HikariDataSource main [32mHikariPool-1 - Starting...
[0;39m[31m2024-04-30 08:58:12,532[0;39m [32m[WARN][0;39m com.zaxxer.hikari.util.DriverDataSource main [32mRegistered driver with driverClassName=oracle.jdbc.driver.OracleDriver was not found, trying direct instantiation.
[0;39m[31m2024-04-30 08:58:12,709[0;39m [32m[INFO][0;39m com.zaxxer.hikari.pool.PoolBase main [32mHikariPool-1 - Driver does not support get/set network timeout for connections. (oracle.jdbc.driver.T4CConnection.getNetworkTimeout()I)
[0;39m[31m2024-04-30 08:58:12,718[0;39m [32m[INFO][0;39m com.zaxxer.hikari.HikariDataSource main [32mHikariPool-1 - Start completed.
[0;39m[31m2024-04-30 08:58:13,100[0;39m [32m[INFO][0;39m org.springframework.boot.test.mock.web.SpringBootMockServletContext main [32mInitializing Spring TestDispatcherServlet ''
[0;39m[31m2024-04-30 08:58:13,104[0;39m [32m[INFO][0;39m org.springframework.test.web.servlet.TestDispatcherServlet main [32mInitializing Servlet ''
[0;39m[31m2024-04-30 08:58:13,104[0;39m [32m[INFO][0;39m org.springframework.test.web.servlet.TestDispatcherServlet main [32mCompleted initialization in 0 ms
[0;39m[31m2024-04-30 08:58:13,128[0;39m [32m[INFO][0;39m elements.spring.explore.EndpointTesting main [32mStarted EndpointTesting in 6.028 seconds (JVM running for 7.386)
[0;39m[31m2024-04-30 08:58:13,676[0;39m [32m[INFO][0;39m com.zaxxer.hikari.HikariDataSource SpringApplicationShutdownHook [32mHikariPool-1 - Shutdown initiated...
[0;39m[31m2024-04-30 08:58:13,684[0;39m [32m[INFO][0;39m com.zaxxer.hikari.HikariDataSource SpringApplicationShutdownHook [32mHikariPool-1 - Shutdown completed.
[0;39m[31m2024-04-30 08:58:33,676[0;39m [32m[INFO][0;39m elements.spring.explore.EndpointTesting main [32mStarting EndpointTesting using Java 1.8.0_202 on SRDB with PID 14100 (started by SRDB in D:\Course backups\Java\DLithe2024Feb-Corporate-TietoEvry\DLTE-Java Full Stack Development - Razak Mohamed\DLTE-Spring-Framework\DLTE-Spring-006-JDBC)
[0;39m[31m2024-04-30 08:58:33,679[0;39m [32m[INFO][0;39m elements.spring.explore.EndpointTesting main [32mNo active profile set, falling back to 1 default profile: "default"
[0;39m[31m2024-04-30 08:58:34,851[0;39m [32m[INFO][0;39m org.springframework.data.repository.config.RepositoryConfigurationDelegate main [32mBootstrapping Spring Data JDBC repositories in DEFAULT mode.
[0;39m[31m2024-04-30 08:58:34,875[0;39m [32m[INFO][0;39m org.springframework.data.repository.config.RepositoryConfigurationDelegate main [32mFinished Spring Data repository scanning in 14 ms. Found 0 JDBC repository interfaces.
[0;39m[31m2024-04-30 08:58:36,644[0;39m [32m[INFO][0;39m org.springframework.security.web.DefaultSecurityFilterChain main [32mWill secure any request with [org.springframework.security.web.session.DisableEncodeUrlFilter@56cc9f29, org.springframework.security.web.context.request.async.WebAsyncManagerIntegrationFilter@535b1ae6, org.springframework.security.web.context.SecurityContextPersistenceFilter@6361b799, org.springframework.security.web.header.HeaderWriterFilter@f29353f, org.springframework.security.web.authentication.logout.LogoutFilter@9f674ac, org.springframework.security.web.authentication.UsernamePasswordAuthenticationFilter@733ec58b, org.springframework.security.web.authentication.www.BasicAuthenticationFilter@485caa8f, org.springframework.security.web.savedrequest.RequestCacheAwareFilter@d919544, org.springframework.security.web.servletapi.SecurityContextHolderAwareRequestFilter@79696332, org.springframework.security.web.authentication.AnonymousAuthenticationFilter@626c19cf, org.springframework.security.web.session.SessionManagementFilter@60aec68a, org.springframework.security.web.access.ExceptionTranslationFilter@1a07bf6, org.springframework.security.web.access.intercept.FilterSecurityInterceptor@3453acd2]
[0;39m[31m2024-04-30 08:58:37,392[0;39m [32m[INFO][0;39m org.springframework.boot.autoconfigure.web.servlet.WelcomePageHandlerMapping main [32mAdding welcome page template: index
[0;39m[31m2024-04-30 08:58:38,617[0;39m [32m[INFO][0;39m com.zaxxer.hikari.HikariDataSource main [32mHikariPool-1 - Starting...
[0;39m[31m2024-04-30 08:58:38,627[0;39m [32m[WARN][0;39m com.zaxxer.hikari.util.DriverDataSource main [32mRegistered driver with driverClassName=oracle.jdbc.driver.OracleDriver was not found, trying direct instantiation.
[0;39m[31m2024-04-30 08:58:38,775[0;39m [32m[INFO][0;39m com.zaxxer.hikari.pool.PoolBase main [32mHikariPool-1 - Driver does not support get/set network timeout for connections. (oracle.jdbc.driver.T4CConnection.getNetworkTimeout()I)
[0;39m[31m2024-04-30 08:58:38,780[0;39m [32m[INFO][0;39m com.zaxxer.hikari.HikariDataSource main [32mHikariPool-1 - Start completed.
[0;39m[31m2024-04-30 08:58:39,135[0;39m [32m[INFO][0;39m org.springframework.boot.test.mock.web.SpringBootMockServletContext main [32mInitializing Spring TestDispatcherServlet ''
[0;39m[31m2024-04-30 08:58:39,135[0;39m [32m[INFO][0;39m org.springframework.test.web.servlet.TestDispatcherServlet main [32mInitializing Servlet ''
[0;39m[31m2024-04-30 08:58:39,141[0;39m [32m[INFO][0;39m org.springframework.test.web.servlet.TestDispatcherServlet main [32mCompleted initialization in 6 ms
[0;39m[31m2024-04-30 08:58:39,180[0;39m [32m[INFO][0;39m elements.spring.explore.EndpointTesting main [32mStarted EndpointTesting in 5.981 seconds (JVM running for 7.385)
[0;39m[31m2024-04-30 08:58:39,711[0;39m [32m[INFO][0;39m com.zaxxer.hikari.HikariDataSource SpringApplicationShutdownHook [32mHikariPool-1 - Shutdown initiated...
[0;39m[31m2024-04-30 08:58:39,736[0;39m [32m[INFO][0;39m com.zaxxer.hikari.HikariDataSource SpringApplicationShutdownHook [32mHikariPool-1 - Shutdown completed.
[0;39m[31m2024-04-30 08:59:58,004[0;39m [32m[INFO][0;39m elements.spring.explore.DlteSpring006JdbcApplicationTests main [32mStarting DlteSpring006JdbcApplicationTests using Java 1.8.0_202 on SRDB with PID 2692 (started by SRDB in D:\Course backups\Java\DLithe2024Feb-Corporate-TietoEvry\DLTE-Java Full Stack Development - Razak Mohamed\DLTE-Spring-Framework\DLTE-Spring-006-JDBC)
[0;39m[31m2024-04-30 08:59:58,004[0;39m [32m[INFO][0;39m elements.spring.explore.DlteSpring006JdbcApplicationTests main [32mNo active profile set, falling back to 1 default profile: "default"
[0;39m[31m2024-04-30 08:59:59,060[0;39m [32m[INFO][0;39m org.springframework.data.repository.config.RepositoryConfigurationDelegate main [32mBootstrapping Spring Data JDBC repositories in DEFAULT mode.
[0;39m[31m2024-04-30 08:59:59,081[0;39m [32m[INFO][0;39m org.springframework.data.repository.config.RepositoryConfigurationDelegate main [32mFinished Spring Data repository scanning in 12 ms. Found 0 JDBC repository interfaces.
[0;39m[31m2024-04-30 09:00:00,501[0;39m [32m[INFO][0;39m org.springframework.security.web.DefaultSecurityFilterChain main [32mWill secure any request with [org.springframework.security.web.session.DisableEncodeUrlFilter@a451491, org.springframework.security.web.context.request.async.WebAsyncManagerIntegrationFilter@1422ac7f, org.springframework.security.web.context.SecurityContextPersistenceFilter@1bc0d349, org.springframework.security.web.header.HeaderWriterFilter@4b6d92e, org.springframework.security.web.authentication.logout.LogoutFilter@de8039f, org.springframework.security.web.authentication.UsernamePasswordAuthenticationFilter@49faf066, org.springframework.security.web.authentication.www.BasicAuthenticationFilter@5d5c04f9, org.springframework.security.web.savedrequest.RequestCacheAwareFilter@5292ceca, org.springframework.security.web.servletapi.SecurityContextHolderAwareRequestFilter@e9ef5b6, org.springframework.security.web.authentication.AnonymousAuthenticationFilter@5e519ad3, org.springframework.security.web.session.SessionManagementFilter@7899de11, org.springframework.security.web.access.ExceptionTranslationFilter@fd9ebde, org.springframework.security.web.access.intercept.FilterSecurityInterceptor@3ee0b4f7]
[0;39m[31m2024-04-30 09:00:01,354[0;39m [32m[INFO][0;39m org.springframework.boot.autoconfigure.web.servlet.WelcomePageHandlerMapping main [32mAdding welcome page template: index
[0;39m[31m2024-04-30 09:00:02,701[0;39m [32m[INFO][0;39m com.zaxxer.hikari.HikariDataSource main [32mHikariPool-1 - Starting...
[0;39m[31m2024-04-30 09:00:02,701[0;39m [32m[WARN][0;39m com.zaxxer.hikari.util.DriverDataSource main [32mRegistered driver with driverClassName=oracle.jdbc.driver.OracleDriver was not found, trying direct instantiation.
[0;39m[31m2024-04-30 09:00:02,886[0;39m [32m[INFO][0;39m com.zaxxer.hikari.pool.PoolBase main [32mHikariPool-1 - Driver does not support get/set network timeout for connections. (oracle.jdbc.driver.T4CConnection.getNetworkTimeout()I)
[0;39m[31m2024-04-30 09:00:02,890[0;39m [32m[INFO][0;39m com.zaxxer.hikari.HikariDataSource main [32mHikariPool-1 - Start completed.
[0;39m[31m2024-04-30 09:00:03,219[0;39m [32m[INFO][0;39m elements.spring.explore.DlteSpring006JdbcApplicationTests main [32mStarted DlteSpring006JdbcApplicationTests in 5.616 seconds (JVM running for 6.869)
[0;39m[31m2024-04-30 09:00:04,343[0;39m [32m[INFO][0;39m com.zaxxer.hikari.HikariDataSource SpringApplicationShutdownHook [32mHikariPool-1 - Shutdown initiated...
[0;39m[31m2024-04-30 09:00:04,363[0;39m [32m[INFO][0;39m com.zaxxer.hikari.HikariDataSource SpringApplicationShutdownHook [32mHikariPool-1 - Shutdown completed.
[0;39m[31m2024-04-30 09:02:49,476[0;39m [32m[INFO][0;39m elements.spring.explore.DlteSpring006JdbcApplicationTests main [32mStarting DlteSpring006JdbcApplicationTests using Java 1.8.0_202 on SRDB with PID 6464 (started by SRDB in D:\Course backups\Java\DLithe2024Feb-Corporate-TietoEvry\DLTE-Java Full Stack Development - Razak Mohamed\DLTE-Spring-Framework\DLTE-Spring-006-JDBC)
[0;39m[31m2024-04-30 09:02:49,476[0;39m [32m[INFO][0;39m elements.spring.explore.DlteSpring006JdbcApplicationTests main [32mNo active profile set, falling back to 1 default profile: "default"
[0;39m[31m2024-04-30 09:02:50,500[0;39m [32m[INFO][0;39m org.springframework.data.repository.config.RepositoryConfigurationDelegate main [32mBootstrapping Spring Data JDBC repositories in DEFAULT mode.
[0;39m[31m2024-04-30 09:02:50,521[0;39m [32m[INFO][0;39m org.springframework.data.repository.config.RepositoryConfigurationDelegate main [32mFinished Spring Data repository scanning in 12 ms. Found 0 JDBC repository interfaces.
[0;39m[31m2024-04-30 09:02:51,885[0;39m [32m[INFO][0;39m org.springframework.security.web.DefaultSecurityFilterChain main [32mWill secure any request with [org.springframework.security.web.session.DisableEncodeUrlFilter@a451491, org.springframework.security.web.context.request.async.WebAsyncManagerIntegrationFilter@1422ac7f, org.springframework.security.web.context.SecurityContextPersistenceFilter@1bc0d349, org.springframework.security.web.header.HeaderWriterFilter@4b6d92e, org.springframework.security.web.authentication.logout.LogoutFilter@de8039f, org.springframework.security.web.authentication.UsernamePasswordAuthenticationFilter@49faf066, org.springframework.security.web.authentication.www.BasicAuthenticationFilter@5d5c04f9, org.springframework.security.web.savedrequest.RequestCacheAwareFilter@5292ceca, org.springframework.security.web.servletapi.SecurityContextHolderAwareRequestFilter@e9ef5b6, org.springframework.security.web.authentication.AnonymousAuthenticationFilter@5e519ad3, org.springframework.security.web.session.SessionManagementFilter@7899de11, org.springframework.security.web.access.ExceptionTranslationFilter@fd9ebde, org.springframework.security.web.access.intercept.FilterSecurityInterceptor@3ee0b4f7]
[0;39m[31m2024-04-30 09:02:52,672[0;39m [32m[INFO][0;39m org.springframework.boot.autoconfigure.web.servlet.WelcomePageHandlerMapping main [32mAdding welcome page template: index
[0;39m[31m2024-04-30 09:02:54,043[0;39m [32m[INFO][0;39m com.zaxxer.hikari.HikariDataSource main [32mHikariPool-1 - Starting...
[0;39m[31m2024-04-30 09:02:54,051[0;39m [32m[WARN][0;39m com.zaxxer.hikari.util.DriverDataSource main [32mRegistered driver with driverClassName=oracle.jdbc.driver.OracleDriver was not found, trying direct instantiation.
[0;39m[31m2024-04-30 09:02:54,238[0;39m [32m[INFO][0;39m com.zaxxer.hikari.pool.PoolBase main [32mHikariPool-1 - Driver does not support get/set network timeout for connections. (oracle.jdbc.driver.T4CConnection.getNetworkTimeout()I)
[0;39m[31m2024-04-30 09:02:54,246[0;39m [32m[INFO][0;39m com.zaxxer.hikari.HikariDataSource main [32mHikariPool-1 - Start completed.
[0;39m[31m2024-04-30 09:02:54,595[0;39m [32m[INFO][0;39m elements.spring.explore.DlteSpring006JdbcApplicationTests main [32mStarted DlteSpring006JdbcApplicationTests in 5.5 seconds (JVM running for 6.813)
[0;39m[31m2024-04-30 09:02:55,660[0;39m [32m[INFO][0;39m com.zaxxer.hikari.HikariDataSource SpringApplicationShutdownHook [32mHikariPool-1 - Shutdown initiated...
[0;39m[31m2024-04-30 09:02:55,685[0;39m [32m[INFO][0;39m com.zaxxer.hikari.HikariDataSource SpringApplicationShutdownHook [32mHikariPool-1 - Shutdown completed.
[0;39m[31m2024-04-30 09:05:05,716[0;39m [32m[INFO][0;39m elements.spring.explore.DlteSpring006JdbcApplicationTests main [32mStarting DlteSpring006JdbcApplicationTests using Java 1.8.0_202 on SRDB with PID 8428 (started by SRDB in D:\Course backups\Java\DLithe2024Feb-Corporate-TietoEvry\DLTE-Java Full Stack Development - Razak Mohamed\DLTE-Spring-Framework\DLTE-Spring-006-JDBC)
[0;39m[31m2024-04-30 09:05:05,716[0;39m [32m[INFO][0;39m elements.spring.explore.DlteSpring006JdbcApplicationTests main [32mNo active profile set, falling back to 1 default profile: "default"
[0;39m[31m2024-04-30 09:05:06,772[0;39m [32m[INFO][0;39m org.springframework.data.repository.config.RepositoryConfigurationDelegate main [32mBootstrapping Spring Data JDBC repositories in DEFAULT mode.
[0;39m[31m2024-04-30 09:05:06,788[0;39m [32m[INFO][0;39m org.springframework.data.repository.config.RepositoryConfigurationDelegate main [32mFinished Spring Data repository scanning in 12 ms. Found 0 JDBC repository interfaces.
[0;39m[31m2024-04-30 09:05:08,193[0;39m [32m[INFO][0;39m org.springframework.security.web.DefaultSecurityFilterChain main [32mWill secure any request with [org.springframework.security.web.session.DisableEncodeUrlFilter@6f94a5a5, org.springframework.security.web.context.request.async.WebAsyncManagerIntegrationFilter@455c1d8c, org.springframework.security.web.context.SecurityContextPersistenceFilter@7899de11, org.springframework.security.web.header.HeaderWriterFilter@323f3c96, org.springframework.security.web.authentication.logout.LogoutFilter@1aabf50d, org.springframework.security.web.authentication.UsernamePasswordAuthenticationFilter@7fdab70c, org.springframework.security.web.authentication.www.BasicAuthenticationFilter@58ff8d79, org.springframework.security.web.savedrequest.RequestCacheAwareFilter@1bc0d349, org.springframework.security.web.servletapi.SecurityContextHolderAwareRequestFilter@5292ceca, org.springframework.security.web.authentication.AnonymousAuthenticationFilter@a451491, org.springframework.security.web.session.SessionManagementFilter@4b6d92e, org.springframework.security.web.access.ExceptionTranslationFilter@1e0895f5, org.springframework.security.web.access.intercept.FilterSecurityInterceptor@4f0f7849]
[0;39m[31m2024-04-30 09:05:08,993[0;39m [32m[INFO][0;39m org.springframework.boot.autoconfigure.web.servlet.WelcomePageHandlerMapping main [32mAdding welcome page template: index
[0;39m[31m2024-04-30 09:05:10,544[0;39m [32m[INFO][0;39m com.zaxxer.hikari.HikariDataSource main [32mHikariPool-1 - Starting...
[0;39m[31m2024-04-30 09:05:10,548[0;39m [32m[WARN][0;39m com.zaxxer.hikari.util.DriverDataSource main [32mRegistered driver with driverClassName=oracle.jdbc.driver.OracleDriver was not found, trying direct instantiation.
[0;39m[31m2024-04-30 09:05:10,746[0;39m [32m[INFO][0;39m com.zaxxer.hikari.pool.PoolBase main [32mHikariPool-1 - Driver does not support get/set network timeout for connections. (oracle.jdbc.driver.T4CConnection.getNetworkTimeout()I)
[0;39m[31m2024-04-30 09:05:10,748[0;39m [32m[INFO][0;39m com.zaxxer.hikari.HikariDataSource main [32mHikariPool-1 - Start completed.
[0;39m[31m2024-04-30 09:05:11,112[0;39m [32m[INFO][0;39m elements.spring.explore.DlteSpring006JdbcApplicationTests main [32mStarted DlteSpring006JdbcApplicationTests in 5.782 seconds (JVM running for 7.086)
[0;39m[31m2024-04-30 09:05:12,231[0;39m [32m[INFO][0;39m com.zaxxer.hikari.HikariDataSource SpringApplicationShutdownHook [32mHikariPool-1 - Shutdown initiated...
[0;39m[31m2024-04-30 09:05:12,245[0;39m [32m[INFO][0;39m com.zaxxer.hikari.HikariDataSource SpringApplicationShutdownHook [32mHikariPool-1 - Shutdown completed.
[0;39m[31m2024-04-30 09:06:04,926[0;39m [32m[INFO][0;39m elements.spring.explore.DlteSpring006JdbcApplicationTests main [32mStarting DlteSpring006JdbcApplicationTests using Java 1.8.0_202 on SRDB with PID 10260 (started by SRDB in D:\Course backups\Java\DLithe2024Feb-Corporate-TietoEvry\DLTE-Java Full Stack Development - Razak Mohamed\DLTE-Spring-Framework\DLTE-Spring-006-JDBC)
[0;39m[31m2024-04-30 09:06:04,926[0;39m [32m[INFO][0;39m elements.spring.explore.DlteSpring006JdbcApplicationTests main [32mNo active profile set, falling back to 1 default profile: "default"
[0;39m[31m2024-04-30 09:06:06,190[0;39m [32m[INFO][0;39m org.springframework.data.repository.config.RepositoryConfigurationDelegate main [32mBootstrapping Spring Data JDBC repositories in DEFAULT mode.
[0;39m[31m2024-04-30 09:06:06,205[0;39m [32m[INFO][0;39m org.springframework.data.repository.config.RepositoryConfigurationDelegate main [32mFinished Spring Data repository scanning in 10 ms. Found 0 JDBC repository interfaces.
[0;39m[31m2024-04-30 09:06:07,625[0;39m [32m[INFO][0;39m org.springframework.security.web.DefaultSecurityFilterChain main [32mWill secure any request with [org.springframework.security.web.session.DisableEncodeUrlFilter@52d97ab6, org.springframework.security.web.context.request.async.WebAsyncManagerIntegrationFilter@4da6d664, org.springframework.security.web.context.SecurityContextPersistenceFilter@673919a7, org.springframework.security.web.header.HeaderWriterFilter@5300cac, org.springframework.security.web.authentication.logout.LogoutFilter@6f49d153, org.springframework.security.web.authentication.UsernamePasswordAuthenticationFilter@a92be4f, org.springframework.security.web.authentication.www.BasicAuthenticationFilter@52e04737, org.springframework.security.web.savedrequest.RequestCacheAwareFilter@2436ea2f, org.springframework.security.web.servletapi.SecurityContextHolderAwareRequestFilter@20cece0b, org.springframework.security.web.authentication.AnonymousAuthenticationFilter@5e5af8e1, org.springframework.security.web.session.SessionManagementFilter@1ba359bd, org.springframework.security.web.access.ExceptionTranslationFilter@290d10ef, org.springframework.security.web.access.intercept.FilterSecurityInterceptor@49faf066]
[0;39m[31m2024-04-30 09:06:08,427[0;39m [32m[INFO][0;39m org.springframework.boot.autoconfigure.web.servlet.WelcomePageHandlerMapping main [32mAdding welcome page template: index
[0;39m[31m2024-04-30 09:06:09,875[0;39m [32m[INFO][0;39m com.zaxxer.hikari.HikariDataSource main [32mHikariPool-1 - Starting...
[0;39m[31m2024-04-30 09:06:09,875[0;39m [32m[WARN][0;39m com.zaxxer.hikari.util.DriverDataSource main [32mRegistered driver with driverClassName=oracle.jdbc.driver.OracleDriver was not found, trying direct instantiation.
[0;39m[31m2024-04-30 09:06:10,055[0;39m [32m[INFO][0;39m com.zaxxer.hikari.pool.PoolBase main [32mHikariPool-1 - Driver does not support get/set network timeout for connections. (oracle.jdbc.driver.T4CConnection.getNetworkTimeout()I)
[0;39m[31m2024-04-30 09:06:10,063[0;39m [32m[INFO][0;39m com.zaxxer.hikari.HikariDataSource main [32mHikariPool-1 - Start completed.
[0;39m[31m2024-04-30 09:06:10,422[0;39m [32m[INFO][0;39m elements.spring.explore.DlteSpring006JdbcApplicationTests main [32mStarted DlteSpring006JdbcApplicationTests in 5.877 seconds (JVM running for 7.239)
[0;39m[31m2024-04-30 09:06:11,526[0;39m [32m[INFO][0;39m com.zaxxer.hikari.HikariDataSource SpringApplicationShutdownHook [32mHikariPool-1 - Shutdown initiated...
[0;39m[31m2024-04-30 09:06:11,534[0;39m [32m[INFO][0;39m com.zaxxer.hikari.HikariDataSource SpringApplicationShutdownHook [32mHikariPool-1 - Shutdown completed.
[0;39m[31m2024-04-30 09:06:35,047[0;39m [32m[INFO][0;39m elements.spring.explore.DlteSpring006JdbcApplicationTests main [32mStarting DlteSpring006JdbcApplicationTests using Java 1.8.0_202 on SRDB with PID 8256 (started by SRDB in D:\Course backups\Java\DLithe2024Feb-Corporate-TietoEvry\DLTE-Java Full Stack Development - Razak Mohamed\DLTE-Spring-Framework\DLTE-Spring-006-JDBC)
[0;39m[31m2024-04-30 09:06:35,049[0;39m [32m[INFO][0;39m elements.spring.explore.DlteSpring006JdbcApplicationTests main [32mNo active profile set, falling back to 1 default profile: "default"
[0;39m[31m2024-04-30 09:06:36,133[0;39m [32m[INFO][0;39m org.springframework.data.repository.config.RepositoryConfigurationDelegate main [32mBootstrapping Spring Data JDBC repositories in DEFAULT mode.
[0;39m[31m2024-04-30 09:06:36,149[0;39m [32m[INFO][0;39m org.springframework.data.repository.config.RepositoryConfigurationDelegate main [32mFinished Spring Data repository scanning in 11 ms. Found 0 JDBC repository interfaces.
[0;39m[31m2024-04-30 09:06:37,843[0;39m [32m[INFO][0;39m org.springframework.security.web.DefaultSecurityFilterChain main [32mWill secure any request with [org.springframework.security.web.session.DisableEncodeUrlFilter@6f94a5a5, org.springframework.security.web.context.request.async.WebAsyncManagerIntegrationFilter@455c1d8c, org.springframework.security.web.context.SecurityContextPersistenceFilter@7899de11, org.springframework.security.web.header.HeaderWriterFilter@323f3c96, org.springframework.security.web.authentication.logout.LogoutFilter@1aabf50d, org.springframework.security.web.authentication.UsernamePasswordAuthenticationFilter@7fdab70c, org.springframework.security.web.authentication.www.BasicAuthenticationFilter@58ff8d79, org.springframework.security.web.savedrequest.RequestCacheAwareFilter@1bc0d349, org.springframework.security.web.servletapi.SecurityContextHolderAwareRequestFilter@5292ceca, org.springframework.security.web.authentication.AnonymousAuthenticationFilter@a451491, org.springframework.security.web.session.SessionManagementFilter@4b6d92e, org.springframework.security.web.access.ExceptionTranslationFilter@1e0895f5, org.springframework.security.web.access.intercept.FilterSecurityInterceptor@4f0f7849]
[0;39m[31m2024-04-30 09:06:38,683[0;39m [32m[INFO][0;39m org.springframework.boot.autoconfigure.web.servlet.WelcomePageHandlerMapping main [32mAdding welcome page template: index
[0;39m[31m2024-04-30 09:06:41,605[0;39m [32m[INFO][0;39m com.zaxxer.hikari.HikariDataSource main [32mHikariPool-1 - Starting...
[0;39m[31m2024-04-30 09:06:41,613[0;39m [32m[WARN][0;39m com.zaxxer.hikari.util.DriverDataSource main [32mRegistered driver with driverClassName=oracle.jdbc.driver.OracleDriver was not found, trying direct instantiation.
[0;39m[31m2024-04-30 09:06:41,805[0;39m [32m[INFO][0;39m com.zaxxer.hikari.pool.PoolBase main [32mHikariPool-1 - Driver does not support get/set network timeout for connections. (oracle.jdbc.driver.T4CConnection.getNetworkTimeout()I)
[0;39m[31m2024-04-30 09:06:41,808[0;39m [32m[INFO][0;39m com.zaxxer.hikari.HikariDataSource main [32mHikariPool-1 - Start completed.
[0;39m[31m2024-04-30 09:06:42,201[0;39m [32m[INFO][0;39m elements.spring.explore.DlteSpring006JdbcApplicationTests main [32mStarted DlteSpring006JdbcApplicationTests in 7.58 seconds (JVM running for 8.915)
[0;39m[31m2024-04-30 09:06:43,544[0;39m [32m[INFO][0;39m com.zaxxer.hikari.HikariDataSource SpringApplicationShutdownHook [32mHikariPool-1 - Shutdown initiated...
[0;39m[31m2024-04-30 09:06:43,570[0;39m [32m[INFO][0;39m com.zaxxer.hikari.HikariDataSource SpringApplicationShutdownHook [32mHikariPool-1 - Shutdown completed.
[0;39m[31m2024-04-30 09:09:00,401[0;39m [32m[INFO][0;39m elements.spring.explore.DlteSpring006JdbcApplicationTests main [32mStarting DlteSpring006JdbcApplicationTests using Java 1.8.0_202 on SRDB with PID 18424 (started by SRDB in D:\Course backups\Java\DLithe2024Feb-Corporate-TietoEvry\DLTE-Java Full Stack Development - Razak Mohamed\DLTE-Spring-Framework\DLTE-Spring-006-JDBC)
[0;39m[31m2024-04-30 09:09:00,407[0;39m [32m[INFO][0;39m elements.spring.explore.DlteSpring006JdbcApplicationTests main [32mNo active profile set, falling back to 1 default profile: "default"
[0;39m[31m2024-04-30 09:09:01,465[0;39m [32m[INFO][0;39m org.springframework.data.repository.config.RepositoryConfigurationDelegate main [32mBootstrapping Spring Data JDBC repositories in DEFAULT mode.
[0;39m[31m2024-04-30 09:09:01,490[0;39m [32m[INFO][0;39m org.springframework.data.repository.config.RepositoryConfigurationDelegate main [32mFinished Spring Data repository scanning in 12 ms. Found 0 JDBC repository interfaces.
[0;39m[31m2024-04-30 09:09:02,916[0;39m [32m[INFO][0;39m org.springframework.security.web.DefaultSecurityFilterChain main [32mWill secure any request with [org.springframework.security.web.session.DisableEncodeUrlFilter@4f0f7849, org.springframework.security.web.context.request.async.WebAsyncManagerIntegrationFilter@56a4f272, org.springframework.security.web.context.SecurityContextPersistenceFilter@51288417, org.springframework.security.web.header.HeaderWriterFilter@472a11ae, org.springframework.security.web.authentication.logout.LogoutFilter@1ba359bd, org.springframework.security.web.authentication.UsernamePasswordAuthenticationFilter@5679e96b, org.springframework.security.web.authentication.www.BasicAuthenticationFilter@5f038248, org.springframework.security.web.savedrequest.RequestCacheAwareFilter@1e0895f5, org.springframework.security.web.servletapi.SecurityContextHolderAwareRequestFilter@fd9ebde, org.springframework.security.web.authentication.AnonymousAuthenticationFilter@3ee0b4f7, org.springframework.security.web.session.SessionManagementFilter@30e9ca13, org.springframework.security.web.access.ExceptionTranslationFilter@216e0771, org.springframework.security.web.access.intercept.FilterSecurityInterceptor@2f1d0bbc]
[0;39m[31m2024-04-30 09:09:03,699[0;39m [32m[INFO][0;39m org.springframework.boot.autoconfigure.web.servlet.WelcomePageHandlerMapping main [32mAdding welcome page template: index
[0;39m[31m2024-04-30 09:09:05,085[0;39m [32m[INFO][0;39m com.zaxxer.hikari.HikariDataSource main [32mHikariPool-1 - Starting...
[0;39m[31m2024-04-30 09:09:05,097[0;39m [32m[WARN][0;39m com.zaxxer.hikari.util.DriverDataSource main [32mRegistered driver with driverClassName=oracle.jdbc.driver.OracleDriver was not found, trying direct instantiation.
[0;39m[31m2024-04-30 09:09:05,275[0;39m [32m[INFO][0;39m com.zaxxer.hikari.pool.PoolBase main [32mHikariPool-1 - Driver does not support get/set network timeout for connections. (oracle.jdbc.driver.T4CConnection.getNetworkTimeout()I)
[0;39m[31m2024-04-30 09:09:05,277[0;39m [32m[INFO][0;39m com.zaxxer.hikari.HikariDataSource main [32mHikariPool-1 - Start completed.
[0;39m[31m2024-04-30 09:09:05,613[0;39m [32m[INFO][0;39m elements.spring.explore.DlteSpring006JdbcApplicationTests main [32mStarted DlteSpring006JdbcApplicationTests in 5.601 seconds (JVM running for 6.937)
[0;39m[31m2024-04-30 09:09:06,763[0;39m [32m[INFO][0;39m com.zaxxer.hikari.HikariDataSource SpringApplicationShutdownHook [32mHikariPool-1 - Shutdown initiated...
[0;39m[31m2024-04-30 09:09:06,787[0;39m [32m[INFO][0;39m com.zaxxer.hikari.HikariDataSource SpringApplicationShutdownHook [32mHikariPool-1 - Shutdown completed.
[0;39m[31m2024-04-30 09:09:25,342[0;39m [32m[INFO][0;39m elements.spring.explore.DlteSpring006JdbcApplicationTests main [32mStarting DlteSpring006JdbcApplicationTests using Java 1.8.0_202 on SRDB with PID 8468 (started by SRDB in D:\Course backups\Java\DLithe2024Feb-Corporate-TietoEvry\DLTE-Java Full Stack Development - Razak Mohamed\DLTE-Spring-Framework\DLTE-Spring-006-JDBC)
[0;39m[31m2024-04-30 09:09:25,342[0;39m [32m[INFO][0;39m elements.spring.explore.DlteSpring006JdbcApplicationTests main [32mNo active profile set, falling back to 1 default profile: "default"
[0;39m[31m2024-04-30 09:09:26,614[0;39m [32m[INFO][0;39m org.springframework.data.repository.config.RepositoryConfigurationDelegate main [32mBootstrapping Spring Data JDBC repositories in DEFAULT mode.
[0;39m[31m2024-04-30 09:09:26,630[0;39m [32m[INFO][0;39m org.springframework.data.repository.config.RepositoryConfigurationDelegate main [32mFinished Spring Data repository scanning in 10 ms. Found 0 JDBC repository interfaces.
[0;39m[31m2024-04-30 09:09:27,902[0;39m [32m[INFO][0;39m org.springframework.security.web.DefaultSecurityFilterChain main [32mWill secure any request with [org.springframework.security.web.session.DisableEncodeUrlFilter@4d41ba0f, org.springframework.security.web.context.request.async.WebAsyncManagerIntegrationFilter@3c87e6b7, org.springframework.security.web.context.SecurityContextPersistenceFilter@fd9ebde, org.springframework.security.web.header.HeaderWriterFilter@51288417, org.springframework.security.web.authentication.logout.LogoutFilter@2436ea2f, org.springframework.security.web.authentication.UsernamePasswordAuthenticationFilter@56a4f272, org.springframework.security.web.authentication.www.BasicAuthenticationFilter@1aabf50d, org.springframework.security.web.savedrequest.RequestCacheAwareFilter@4ee5b2d9, org.springframework.security.web.servletapi.SecurityContextHolderAwareRequestFilter@323f3c96, org.springframework.security.web.authentication.AnonymousAuthenticationFilter@77bbadc, org.springframework.security.web.session.SessionManagementFilter@1e0895f5, org.springframework.security.web.access.ExceptionTranslationFilter@36417a54, org.springframework.security.web.access.intercept.FilterSecurityInterceptor@4b200971]
[0;39m[31m2024-04-30 09:09:28,676[0;39m [32m[INFO][0;39m org.springframework.boot.autoconfigure.web.servlet.WelcomePageHandlerMapping main [32mAdding welcome page template: index
[0;39m[31m2024-04-30 09:09:29,978[0;39m [32m[INFO][0;39m com.zaxxer.hikari.HikariDataSource main [32mHikariPool-1 - Starting...
[0;39m[31m2024-04-30 09:09:29,988[0;39m [32m[WARN][0;39m com.zaxxer.hikari.util.DriverDataSource main [32mRegistered driver with driverClassName=oracle.jdbc.driver.OracleDriver was not found, trying direct instantiation.
[0;39m[31m2024-04-30 09:09:30,172[0;39m [32m[INFO][0;39m com.zaxxer.hikari.pool.PoolBase main [32mHikariPool-1 - Driver does not support get/set network timeout for connections. (oracle.jdbc.driver.T4CConnection.getNetworkTimeout()I)
[0;39m[31m2024-04-30 09:09:30,180[0;39m [32m[INFO][0;39m com.zaxxer.hikari.HikariDataSource main [32mHikariPool-1 - Start completed.
[0;39m[31m2024-04-30 09:09:30,474[0;39m [32m[INFO][0;39m elements.spring.explore.DlteSpring006JdbcApplicationTests main [32mStarted DlteSpring006JdbcApplicationTests in 5.533 seconds (JVM running for 6.77)
[0;39m[31m2024-04-30 09:09:31,612[0;39m [32m[INFO][0;39m com.zaxxer.hikari.HikariDataSource SpringApplicationShutdownHook [32mHikariPool-1 - Shutdown initiated...
[0;39m[31m2024-04-30 09:09:31,628[0;39m [32m[INFO][0;39m com.zaxxer.hikari.HikariDataSource SpringApplicationShutdownHook [32mHikariPool-1 - Shutdown completed.
[0;39m[31m2024-04-30 09:09:53,560[0;39m [32m[INFO][0;39m elements.spring.explore.DlteSpring006JdbcApplicationTests main [32mStarting DlteSpring006JdbcApplicationTests using Java 1.8.0_202 on SRDB with PID 17576 (started by SRDB in D:\Course backups\Java\DLithe2024Feb-Corporate-TietoEvry\DLTE-Java Full Stack Development - Razak Mohamed\DLTE-Spring-Framework\DLTE-Spring-006-JDBC)
[0;39m[31m2024-04-30 09:09:53,597[0;39m [32m[INFO][0;39m elements.spring.explore.DlteSpring006JdbcApplicationTests main [32mNo active profile set, falling back to 1 default profile: "default"
[0;39m[31m2024-04-30 09:09:54,745[0;39m [32m[INFO][0;39m org.springframework.data.repository.config.RepositoryConfigurationDelegate main [32mBootstrapping Spring Data JDBC repositories in DEFAULT mode.
[0;39m[31m2024-04-30 09:09:54,768[0;39m [32m[INFO][0;39m org.springframework.data.repository.config.RepositoryConfigurationDelegate main [32mFinished Spring Data repository scanning in 12 ms. Found 0 JDBC repository interfaces.
[0;39m[31m2024-04-30 09:09:56,081[0;39m [32m[INFO][0;39m org.springframework.security.web.DefaultSecurityFilterChain main [32mWill secure any request with [org.springframework.security.web.session.DisableEncodeUrlFilter@45acdd11, org.springframework.security.web.context.request.async.WebAsyncManagerIntegrationFilter@3f0d6038, org.springframework.security.web.context.SecurityContextPersistenceFilter@a66e580, org.springframework.security.web.header.HeaderWriterFilter@43e9089, org.springframework.security.web.authentication.logout.LogoutFilter@5bc28f40, org.springframework.security.web.authentication.UsernamePasswordAuthenticationFilter@39a87e72, org.springframework.security.web.authentication.www.BasicAuthenticationFilter@78054f54, org.springframework.security.web.savedrequest.RequestCacheAwareFilter@cdb2d95, org.springframework.security.web.servletapi.SecurityContextHolderAwareRequestFilter@2f5ac102, org.springframework.security.web.authentication.AnonymousAuthenticationFilter@237f7970, org.springframework.security.web.session.SessionManagementFilter@352c44a8, org.springframework.security.web.access.ExceptionTranslationFilter@60bbacfc, org.springframework.security.web.access.intercept.FilterSecurityInterceptor@1859e2a4]
[0;39m[31m2024-04-30 09:09:56,759[0;39m [32m[INFO][0;39m org.springframework.boot.autoconfigure.web.servlet.WelcomePageHandlerMapping main [32mAdding welcome page template: index
[0;39m[31m2024-04-30 09:09:57,937[0;39m [32m[INFO][0;39m com.zaxxer.hikari.HikariDataSource main [32mHikariPool-1 - Starting...
[0;39m[31m2024-04-30 09:09:57,946[0;39m [32m[WARN][0;39m com.zaxxer.hikari.util.DriverDataSource main [32mRegistered driver with driverClassName=oracle.jdbc.driver.OracleDriver was not found, trying direct instantiation.
[0;39m[31m2024-04-30 09:09:58,084[0;39m [32m[INFO][0;39m com.zaxxer.hikari.pool.PoolBase main [32mHikariPool-1 - Driver does not support get/set network timeout for connections. (oracle.jdbc.driver.T4CConnection.getNetworkTimeout()I)
[0;39m[31m2024-04-30 09:09:58,095[0;39m [32m[INFO][0;39m com.zaxxer.hikari.HikariDataSource main [32mHikariPool-1 - Start completed.
[0;39m[31m2024-04-30 09:09:58,441[0;39m [32m[INFO][0;39m elements.spring.explore.DlteSpring006JdbcApplicationTests main [32mStarted DlteSpring006JdbcApplicationTests in 5.329 seconds (JVM running for 6.661)
[0;39m[31m2024-04-30 09:09:59,434[0;39m [32m[INFO][0;39m com.zaxxer.hikari.HikariDataSource SpringApplicationShutdownHook [32mHikariPool-1 - Shutdown initiated...
[0;39m[31m2024-04-30 09:09:59,453[0;39m [32m[INFO][0;39m com.zaxxer.hikari.HikariDataSource SpringApplicationShutdownHook [32mHikariPool-1 - Shutdown completed.
[0;39m[31m2024-04-30 09:50:13,044[0;39m [32m[INFO][0;39m elements.spring.explore.DlteSpring006JdbcApplicationTests main [32mStarting DlteSpring006JdbcApplicationTests using Java 1.8.0_202 on SRDB with PID 16696 (started by SRDB in D:\Course backups\Java\DLithe2024Feb-Corporate-TietoEvry\DLTE-Java Full Stack Development - Razak Mohamed\DLTE-Spring-Framework\DLTE-Spring-006-JDBC)
[0;39m[31m2024-04-30 09:50:13,044[0;39m [32m[INFO][0;39m elements.spring.explore.DlteSpring006JdbcApplicationTests main [32mNo active profile set, falling back to 1 default profile: "default"
[0;39m[31m2024-04-30 09:50:14,186[0;39m [32m[INFO][0;39m org.springframework.data.repository.config.RepositoryConfigurationDelegate main [32mBootstrapping Spring Data JDBC repositories in DEFAULT mode.
[0;39m[31m2024-04-30 09:50:14,205[0;39m [32m[INFO][0;39m org.springframework.data.repository.config.RepositoryConfigurationDelegate main [32mFinished Spring Data repository scanning in 12 ms. Found 0 JDBC repository interfaces.
[0;39m[31m2024-04-30 09:50:15,521[0;39m [32m[INFO][0;39m org.springframework.security.web.DefaultSecurityFilterChain main [32mWill secure any request with [org.springframework.security.web.session.DisableEncodeUrlFilter@a451491, org.springframework.security.web.context.request.async.WebAsyncManagerIntegrationFilter@1422ac7f, org.springframework.security.web.context.SecurityContextPersistenceFilter@1bc0d349, org.springframework.security.web.header.HeaderWriterFilter@4b6d92e, org.springframework.security.web.authentication.logout.LogoutFilter@de8039f, org.springframework.security.web.authentication.UsernamePasswordAuthenticationFilter@49faf066, org.springframework.security.web.authentication.www.BasicAuthenticationFilter@5d5c04f9, org.springframework.security.web.savedrequest.RequestCacheAwareFilter@5292ceca, org.springframework.security.web.servletapi.SecurityContextHolderAwareRequestFilter@e9ef5b6, org.springframework.security.web.authentication.AnonymousAuthenticationFilter@5e519ad3, org.springframework.security.web.session.SessionManagementFilter@7899de11, org.springframework.security.web.access.ExceptionTranslationFilter@fd9ebde, org.springframework.security.web.access.intercept.FilterSecurityInterceptor@3ee0b4f7]
[0;39m[31m2024-04-30 09:50:16,281[0;39m [32m[INFO][0;39m org.springframework.boot.autoconfigure.web.servlet.WelcomePageHandlerMapping main [32mAdding welcome page template: index
[0;39m[31m2024-04-30 09:50:17,613[0;39m [32m[INFO][0;39m com.zaxxer.hikari.HikariDataSource main [32mHikariPool-1 - Starting...
[0;39m[31m2024-04-30 09:50:17,613[0;39m [32m[WARN][0;39m com.zaxxer.hikari.util.DriverDataSource main [32mRegistered driver with driverClassName=oracle.jdbc.driver.OracleDriver was not found, trying direct instantiation.
[0;39m[31m2024-04-30 09:50:17,834[0;39m [32m[INFO][0;39m com.zaxxer.hikari.pool.PoolBase main [32mHikariPool-1 - Driver does not support get/set network timeout for connections. (oracle.jdbc.driver.T4CConnection.getNetworkTimeout()I)
[0;39m[31m2024-04-30 09:50:17,834[0;39m [32m[INFO][0;39m com.zaxxer.hikari.HikariDataSource main [32mHikariPool-1 - Start completed.
[0;39m[31m2024-04-30 09:50:18,225[0;39m [32m[INFO][0;39m elements.spring.explore.DlteSpring006JdbcApplicationTests main [32mStarted DlteSpring006JdbcApplicationTests in 5.629 seconds (JVM running for 7.23)
[0;39m[31m2024-04-30 09:50:19,482[0;39m [32m[INFO][0;39m com.zaxxer.hikari.HikariDataSource SpringApplicationShutdownHook [32mHikariPool-1 - Shutdown initiated...
[0;39m[31m2024-04-30 09:50:19,490[0;39m [32m[INFO][0;39m com.zaxxer.hikari.HikariDataSource SpringApplicationShutdownHook [32mHikariPool-1 - Shutdown completed.
[0;39m[31m2024-04-30 09:51:13,809[0;39m [32m[INFO][0;39m elements.spring.explore.DlteSpring006JdbcApplicationTests main [32mStarting DlteSpring006JdbcApplicationTests using Java 1.8.0_202 on SRDB with PID 12200 (started by SRDB in D:\Course backups\Java\DLithe2024Feb-Corporate-TietoEvry\DLTE-Java Full Stack Development - Razak Mohamed\DLTE-Spring-Framework\DLTE-Spring-006-JDBC)
[0;39m[31m2024-04-30 09:51:13,824[0;39m [32m[INFO][0;39m elements.spring.explore.DlteSpring006JdbcApplicationTests main [32mNo active profile set, falling back to 1 default profile: "default"
[0;39m[31m2024-04-30 09:51:14,887[0;39m [32m[INFO][0;39m org.springframework.data.repository.config.RepositoryConfigurationDelegate main [32mBootstrapping Spring Data JDBC repositories in DEFAULT mode.
[0;39m[31m2024-04-30 09:51:14,903[0;39m [32m[INFO][0;39m org.springframework.data.repository.config.RepositoryConfigurationDelegate main [32mFinished Spring Data repository scanning in 12 ms. Found 0 JDBC repository interfaces.
[0;39m[31m2024-04-30 09:51:16,150[0;39m [32m[INFO][0;39m org.springframework.security.web.DefaultSecurityFilterChain main [32mWill secure any request with [org.springframework.security.web.session.DisableEncodeUrlFilter@45acdd11, org.springframework.security.web.context.request.async.WebAsyncManagerIntegrationFilter@3f0d6038, org.springframework.security.web.context.SecurityContextPersistenceFilter@a66e580, org.springframework.security.web.header.HeaderWriterFilter@43e9089, org.springframework.security.web.authentication.logout.LogoutFilter@5bc28f40, org.springframework.security.web.authentication.UsernamePasswordAuthenticationFilter@39a87e72, org.springframework.security.web.authentication.www.BasicAuthenticationFilter@78054f54, org.springframework.security.web.savedrequest.RequestCacheAwareFilter@cdb2d95, org.springframework.security.web.servletapi.SecurityContextHolderAwareRequestFilter@2f5ac102, org.springframework.security.web.authentication.AnonymousAuthenticationFilter@237f7970, org.springframework.security.web.session.SessionManagementFilter@352c44a8, org.springframework.security.web.access.ExceptionTranslationFilter@60bbacfc, org.springframework.security.web.access.intercept.FilterSecurityInterceptor@1859e2a4]
[0;39m[31m2024-04-30 09:51:16,846[0;39m [32m[INFO][0;39m org.springframework.boot.autoconfigure.web.servlet.WelcomePageHandlerMapping main [32mAdding welcome page template: index
[0;39m[31m2024-04-30 09:51:18,420[0;39m [32m[INFO][0;39m com.zaxxer.hikari.HikariDataSource main [32mHikariPool-1 - Starting...
[0;39m[31m2024-04-30 09:51:18,420[0;39m [32m[WARN][0;39m com.zaxxer.hikari.util.DriverDataSource main [32mRegistered driver with driverClassName=oracle.jdbc.driver.OracleDriver was not found, trying direct instantiation.
[0;39m[31m2024-04-30 09:51:18,592[0;39m [32m[INFO][0;39m com.zaxxer.hikari.pool.PoolBase main [32mHikariPool-1 - Driver does not support get/set network timeout for connections. (oracle.jdbc.driver.T4CConnection.getNetworkTimeout()I)
[0;39m[31m2024-04-30 09:51:18,592[0;39m [32m[INFO][0;39m com.zaxxer.hikari.HikariDataSource main [32mHikariPool-1 - Start completed.
[0;39m[31m2024-04-30 09:51:18,943[0;39m [32m[INFO][0;39m elements.spring.explore.DlteSpring006JdbcApplicationTests main [32mStarted DlteSpring006JdbcApplicationTests in 5.547 seconds (JVM running for 6.792)
[0;39m[31m2024-04-30 09:51:20,146[0;39m [32m[INFO][0;39m com.zaxxer.hikari.HikariDataSource SpringApplicationShutdownHook [32mHikariPool-1 - Shutdown initiated...
[0;39m[31m2024-04-30 09:51:20,162[0;39m [32m[INFO][0;39m com.zaxxer.hikari.HikariDataSource SpringApplicationShutdownHook [32mHikariPool-1 - Shutdown completed.
[0;39m[31m2024-04-30 09:55:09,708[0;39m [32m[INFO][0;39m elements.spring.explore.EndpointTesting main [32mStarting EndpointTesting using Java 1.8.0_202 on SRDB with PID 3336 (started by SRDB in D:\Course backups\Java\DLithe2024Feb-Corporate-TietoEvry\DLTE-Java Full Stack Development - Razak Mohamed\DLTE-Spring-Framework\DLTE-Spring-006-JDBC)
[0;39m[31m2024-04-30 09:55:09,708[0;39m [32m[INFO][0;39m elements.spring.explore.EndpointTesting main [32mNo active profile set, falling back to 1 default profile: "default"
[0;39m[31m2024-04-30 09:55:10,710[0;39m [32m[INFO][0;39m org.springframework.data.repository.config.RepositoryConfigurationDelegate main [32mBootstrapping Spring Data JDBC repositories in DEFAULT mode.
[0;39m[31m2024-04-30 09:55:10,726[0;39m [32m[INFO][0;39m org.springframework.data.repository.config.RepositoryConfigurationDelegate main [32mFinished Spring Data repository scanning in 12 ms. Found 0 JDBC repository interfaces.
[0;39m[31m2024-04-30 09:55:12,898[0;39m [32m[INFO][0;39m org.springframework.security.web.DefaultSecurityFilterChain main [32mWill secure any request with [org.springframework.security.web.session.DisableEncodeUrlFilter@6c8f60f3, org.springframework.security.web.context.request.async.WebAsyncManagerIntegrationFilter@56c8e6f0, org.springframework.security.web.context.SecurityContextPersistenceFilter@343e225a, org.springframework.security.web.header.HeaderWriterFilter@af7e376, org.springframework.security.web.authentication.logout.LogoutFilter@29be997f, org.springframework.security.web.authentication.UsernamePasswordAuthenticationFilter@6ccac6f4, org.springframework.security.web.authentication.www.BasicAuthenticationFilter@3e05586b, org.springframework.security.web.savedrequest.RequestCacheAwareFilter@4c0e426a, org.springframework.security.web.servletapi.SecurityContextHolderAwareRequestFilter@34d713a2, org.springframework.security.web.authentication.AnonymousAuthenticationFilter@71b6172c, org.springframework.security.web.session.SessionManagementFilter@4fb04a72, org.springframework.security.web.access.ExceptionTranslationFilter@b61edb9, org.springframework.security.web.access.intercept.FilterSecurityInterceptor@74834afd]
[0;39m[31m2024-04-30 09:55:13,542[0;39m [32m[INFO][0;39m org.springframework.boot.autoconfigure.web.servlet.WelcomePageHandlerMapping main [32mAdding welcome page template: index
[0;39m[31m2024-04-30 09:55:14,784[0;39m [32m[INFO][0;39m com.zaxxer.hikari.HikariDataSource main [32mHikariPool-1 - Starting...
[0;39m[31m2024-04-30 09:55:14,799[0;39m [32m[WARN][0;39m com.zaxxer.hikari.util.DriverDataSource main [32mRegistered driver with driverClassName=oracle.jdbc.driver.OracleDriver was not found, trying direct instantiation.
[0;39m[31m2024-04-30 09:55:14,980[0;39m [32m[INFO][0;39m com.zaxxer.hikari.pool.PoolBase main [32mHikariPool-1 - Driver does not support get/set network timeout for connections. (oracle.jdbc.driver.T4CConnection.getNetworkTimeout()I)
[0;39m[31m2024-04-30 09:55:14,984[0;39m [32m[INFO][0;39m com.zaxxer.hikari.HikariDataSource main [32mHikariPool-1 - Start completed.
[0;39m[31m2024-04-30 09:55:15,317[0;39m [32m[INFO][0;39m org.springframework.boot.test.mock.web.SpringBootMockServletContext main [32mInitializing Spring TestDispatcherServlet ''
[0;39m[31m2024-04-30 09:55:15,317[0;39m [32m[INFO][0;39m org.springframework.test.web.servlet.TestDispatcherServlet main [32mInitializing Servlet ''
[0;39m[31m2024-04-30 09:55:15,317[0;39m [32m[INFO][0;39m org.springframework.test.web.servlet.TestDispatcherServlet main [32mCompleted initialization in 0 ms
[0;39m[31m2024-04-30 09:55:15,349[0;39m [32m[INFO][0;39m elements.spring.explore.EndpointTesting main [32mStarted EndpointTesting in 6.059 seconds (JVM running for 7.358)
[0;39m[31m2024-04-30 09:55:15,922[0;39m [32m[INFO][0;39m com.zaxxer.hikari.HikariDataSource SpringApplicationShutdownHook [32mHikariPool-1 - Shutdown initiated...
[0;39m[31m2024-04-30 09:55:15,953[0;39m [32m[INFO][0;39m com.zaxxer.hikari.HikariDataSource SpringApplicationShutdownHook [32mHikariPool-1 - Shutdown completed.
[0;39m[31m2024-04-30 09:55:52,001[0;39m [32m[INFO][0;39m elements.spring.explore.RestAPISecurityTest main [32mStarting RestAPISecurityTest using Java 1.8.0_202 on SRDB with PID 18728 (started by SRDB in D:\Course backups\Java\DLithe2024Feb-Corporate-TietoEvry\DLTE-Java Full Stack Development - Razak Mohamed\DLTE-Spring-Framework\DLTE-Spring-006-JDBC)
[0;39m[31m2024-04-30 09:55:52,001[0;39m [32m[INFO][0;39m elements.spring.explore.RestAPISecurityTest main [32mNo active profile set, falling back to 1 default profile: "default"
[0;39m[31m2024-04-30 09:55:53,097[0;39m [32m[INFO][0;39m org.springframework.data.repository.config.RepositoryConfigurationDelegate main [32mBootstrapping Spring Data JDBC repositories in DEFAULT mode.
[0;39m[31m2024-04-30 09:55:53,123[0;39m [32m[INFO][0;39m org.springframework.data.repository.config.RepositoryConfigurationDelegate main [32mFinished Spring Data repository scanning in 12 ms. Found 0 JDBC repository interfaces.
[0;39m[31m2024-04-30 09:55:55,118[0;39m [32m[INFO][0;39m org.springframework.security.web.DefaultSecurityFilterChain main [32mWill secure any request with [org.springframework.security.web.session.DisableEncodeUrlFilter@438c9aa7, org.springframework.security.web.context.request.async.WebAsyncManagerIntegrationFilter@3453acd2, org.springframework.security.web.context.SecurityContextPersistenceFilter@4fb04a72, org.springframework.security.web.header.HeaderWriterFilter@427a12b6, org.springframework.security.web.authentication.logout.LogoutFilter@7c281eb8, org.springframework.security.web.authentication.UsernamePasswordAuthenticationFilter@33188612, org.springframework.security.web.authentication.www.BasicAuthenticationFilter@23da79eb, org.springframework.security.web.savedrequest.RequestCacheAwareFilter@343e225a, org.springframework.security.web.servletapi.SecurityContextHolderAwareRequestFilter@4c0e426a, org.springframework.security.web.authentication.AnonymousAuthenticationFilter@6c8f60f3, org.springframework.security.web.session.SessionManagementFilter@af7e376, org.springframework.security.web.access.ExceptionTranslationFilter@36ab3814, org.springframework.security.web.access.intercept.FilterSecurityInterceptor@50ab56e2]
[0;39m[31m2024-04-30 09:55:55,852[0;39m [32m[INFO][0;39m org.springframework.boot.autoconfigure.web.servlet.WelcomePageHandlerMapping main [32mAdding welcome page template: index
[0;39m[31m2024-04-30 09:55:57,161[0;39m [32m[INFO][0;39m com.zaxxer.hikari.HikariDataSource main [32mHikariPool-1 - Starting...
[0;39m[31m2024-04-30 09:55:57,177[0;39m [32m[WARN][0;39m com.zaxxer.hikari.util.DriverDataSource main [32mRegistered driver with driverClassName=oracle.jdbc.driver.OracleDriver was not found, trying direct instantiation.
[0;39m[31m2024-04-30 09:55:57,364[0;39m [32m[INFO][0;39m com.zaxxer.hikari.pool.PoolBase main [32mHikariPool-1 - Driver does not support get/set network timeout for connections. (oracle.jdbc.driver.T4CConnection.getNetworkTimeout()I)
[0;39m[31m2024-04-30 09:55:57,364[0;39m [32m[INFO][0;39m com.zaxxer.hikari.HikariDataSource main [32mHikariPool-1 - Start completed.
[0;39m[31m2024-04-30 09:55:57,692[0;39m [32m[INFO][0;39m org.springframework.boot.test.mock.web.SpringBootMockServletContext main [32mInitializing Spring TestDispatcherServlet ''
[0;39m[31m2024-04-30 09:55:57,692[0;39m [32m[INFO][0;39m org.springframework.test.web.servlet.TestDispatcherServlet main [32mInitializing Servlet ''
[0;39m[31m2024-04-30 09:55:57,692[0;39m [32m[INFO][0;39m org.springframework.test.web.servlet.TestDispatcherServlet main [32mCompleted initialization in 0 ms
[0;39m[31m2024-04-30 09:55:57,724[0;39m [32m[INFO][0;39m elements.spring.explore.RestAPISecurityTest main [32mStarted RestAPISecurityTest in 6.202 seconds (JVM running for 7.561)
[0;39m[31m2024-04-30 09:55:58,377[0;39m [32m[INFO][0;39m com.zaxxer.hikari.HikariDataSource SpringApplicationShutdownHook [32mHikariPool-1 - Shutdown initiated...
[0;39m[31m2024-04-30 09:55:58,440[0;39m [32m[INFO][0;39m com.zaxxer.hikari.HikariDataSource SpringApplicationShutdownHook [32mHikariPool-1 - Shutdown completed.
[0;39m